Kani Rust Verifier 0.56.0 (standalone)
Checking harness ptr::non_null::verify::non_null_check_copy_to...
CBMC 6.3.1 (cbmc-6.3.1)
CBMC version 6.3.1 (cbmc-6.3.1) 64-bit x86_64 macos
Reading GOTO program from file /Users/dhvanikapadia/Downloads/verify-rust-std/target/kani_verify_std/target/x86_64-apple-darwin/debug/deps/core-ccf4fba8e5214364__RNvNtNtNtCsdg7tvWISkkD_4core3ptr8non_null6verify22non_null_check_copy_to.out
Generating GOTO Program
Adding CPROVER library (x86_64)
Removal of function pointers and virtual functions
Generic Property Instrumentation
Running with 16 object bits, 48 offset bits (user-specified)
Starting Bounded Model Checking
aborting path on assume(false) at file /Users/dhvanikapadia/Downloads/verify-rust-std/library/core/src/option.rs line 969 column 15 function option::Option::<ptr::non_null::NonNull<i32>>::unwrap thread 0
aborting path on assume(false) at file /Users/dhvanikapadia/Downloads/verify-rust-std/library/core/src/option.rs line 2008 column 5 function option::unwrap_failed thread 0
aborting path on assume(false) at file /Users/dhvanikapadia/Downloads/verify-rust-std/library/core/src/option.rs line 971 column 21 function option::Option::<ptr::non_null::NonNull<i32>>::unwrap thread 0
aborting path on assume(false) at file /Users/dhvanikapadia/Downloads/verify-rust-std/library/core/src/option.rs line 969 column 15 function option::Option::<ptr::non_null::NonNull<i32>>::unwrap thread 0
aborting path on assume(false) at file /Users/dhvanikapadia/Downloads/verify-rust-std/library/core/src/option.rs line 2008 column 5 function option::unwrap_failed thread 0
aborting path on assume(false) at file /Users/dhvanikapadia/Downloads/verify-rust-std/library/core/src/option.rs line 971 column 21 function option::Option::<ptr::non_null::NonNull<i32>>::unwrap thread 0
aborting path on assume(false) at file /Users/dhvanikapadia/Downloads/verify-rust-std/library/core/src/option.rs line 1170 column 15 function option::Option::<usize>::map_or::<bool, {closure@/Users/dhvanikapadia/Downloads/verify-rust-std/library/core/src/ptr/non_null.rs:968:75: 968:81}> thread 0
Runtime Symex: 0.459842s
size of program expression: 5048 steps
slicing removed 2760 assignments
Generated 330 VCC(s), 120 remaining after simplification
Runtime Postprocess Equation: 0.00268161s
Passing problem to propositional reduction
converting SSA
Runtime Convert SSA: 5.77538s
Running propositional reduction
Post-processing
Runtime Post-process: 0.0196502s
Solving with CaDiCaL 2.0.0
156266 variables, 8577118 clauses
SAT checker: instance is SATISFIABLE
Runtime Solver: 0.0463924s
Runtime decision procedure: 5.82464s
Running propositional reduction
Solving with CaDiCaL 2.0.0
156267 variables, 8577119 clauses
SAT checker: instance is SATISFIABLE
Runtime Solver: 0.00402602s
Runtime decision procedure: 0.00508257s
Running propositional reduction
Solving with CaDiCaL 2.0.0
156268 variables, 8577120 clauses
SAT checker: instance is SATISFIABLE
Runtime Solver: 0.00341336s
Runtime decision procedure: 0.00449741s
Running propositional reduction
Solving with CaDiCaL 2.0.0
156269 variables, 8577121 clauses
SAT checker: instance is SATISFIABLE
Runtime Solver: 0.00315195s
Runtime decision procedure: 0.00423291s
Running propositional reduction
Solving with CaDiCaL 2.0.0
156270 variables, 8577122 clauses
SAT checker: instance is SATISFIABLE
Runtime Solver: 0.0126685s
Runtime decision procedure: 0.0137506s
Running propositional reduction
Solving with CaDiCaL 2.0.0
156271 variables, 8577123 clauses
SAT checker: instance is SATISFIABLE
Runtime Solver: 0.00569658s
Runtime decision procedure: 0.00677048s
Running propositional reduction
Solving with CaDiCaL 2.0.0
156272 variables, 8577124 clauses
SAT checker: instance is SATISFIABLE
Runtime Solver: 0.00284245s
Runtime decision procedure: 0.003917s
Running propositional reduction
Solving with CaDiCaL 2.0.0
156273 variables, 8577125 clauses
SAT checker: instance is SATISFIABLE
Runtime Solver: 0.00519012s
Runtime decision procedure: 0.00622863s
Running propositional reduction
Solving with CaDiCaL 2.0.0
156274 variables, 8577126 clauses
SAT checker: instance is SATISFIABLE
Runtime Solver: 0.00217965s
Runtime decision procedure: 0.00321794s
Running propositional reduction
Solving with CaDiCaL 2.0.0
156275 variables, 8577127 clauses
SAT checker: instance is UNSATISFIABLE
Runtime Solver: 0.0236761s
Runtime decision procedure: 0.02421s

RESULTS:
Check 1: __CPROVER_contracts_write_set_check_assignment.assertion.1
	 - Status: SUCCESS
	 - Description: "ptr NULL or writable up to size"
	 - Location: <builtin-library-__CPROVER_contracts_library>:775 in function __CPROVER_contracts_write_set_check_assignment

Check 2: __CPROVER_contracts_write_set_check_assignment.assertion.2
	 - Status: SUCCESS
	 - Description: "CAR size is less than __CPROVER_max_malloc_size"
	 - Location: <builtin-library-__CPROVER_contracts_library>:792 in function __CPROVER_contracts_write_set_check_assignment

Check 3: __CPROVER_contracts_write_set_check_assignment.assertion.3
	 - Status: SUCCESS
	 - Description: "no offset bits overflow on CAR upper bound computation"
	 - Location: <builtin-library-__CPROVER_contracts_library>:798 in function __CPROVER_contracts_write_set_check_assignment

Check 4: __CPROVER_contracts_write_set_check_assignment.unwind.1
	 - Status: SUCCESS
	 - Description: "unwinding assertion loop 0"
	 - Location: <builtin-library-__CPROVER_contracts_library>:807 in function __CPROVER_contracts_write_set_check_assignment

Check 5: __CPROVER_contracts_write_set_check_assignment.assertion.4
	 - Status: SUCCESS
	 - Description: "ptr NULL or writable up to size"
	 - Location: <builtin-library-__CPROVER_contracts_library>:775 in function __CPROVER_contracts_write_set_check_assignment

Check 6: __CPROVER_contracts_write_set_check_assignment.assertion.5
	 - Status: SUCCESS
	 - Description: "CAR size is less than __CPROVER_max_malloc_size"
	 - Location: <builtin-library-__CPROVER_contracts_library>:792 in function __CPROVER_contracts_write_set_check_assignment

Check 7: __CPROVER_contracts_write_set_check_assignment.assertion.6
	 - Status: SUCCESS
	 - Description: "no offset bits overflow on CAR upper bound computation"
	 - Location: <builtin-library-__CPROVER_contracts_library>:798 in function __CPROVER_contracts_write_set_check_assignment

Check 8: __CPROVER_contracts_write_set_check_assignment.unwind.2
	 - Status: SUCCESS
	 - Description: "unwinding assertion loop 0"
	 - Location: <builtin-library-__CPROVER_contracts_library>:807 in function __CPROVER_contracts_write_set_check_assignment

Check 9: __CPROVER_contracts_car_set_insert.assertion.1
	 - Status: SUCCESS
	 - Description: "ptr NULL or writable up to size"
	 - Location: <builtin-library-__CPROVER_contracts_library>:161 in function __CPROVER_contracts_car_set_insert

Check 10: __CPROVER_contracts_car_set_insert.assertion.2
	 - Status: SUCCESS
	 - Description: "CAR size is less than __CPROVER_max_malloc_size"
	 - Location: <builtin-library-__CPROVER_contracts_library>:164 in function __CPROVER_contracts_car_set_insert

Check 11: __CPROVER_contracts_car_set_insert.assertion.3
	 - Status: SUCCESS
	 - Description: "no offset bits overflow on CAR upper bound computation"
	 - Location: <builtin-library-__CPROVER_contracts_library>:168 in function __CPROVER_contracts_car_set_insert

Check 12: memmove.assigns.1
	 - Status: SUCCESS
	 - Description: "Check that array_copy((const void *)src_n, ...) is allowed by the assigns clause"
	 - Location: <builtin-library-memmove>:33 in function memmove

Check 13: memmove.assigns.2
	 - Status: FAILURE
	 - Description: "Check that array_replace((const void *)(char *)dest, ...) is allowed by the assigns clause"
	 - Location: <builtin-library-memmove>:34 in function memmove

Check 14: panicking::panic_fmt.unsupported_construct.1
	 - Status: SUCCESS
	 - Description: "call to foreign "Rust" function `rust_begin_unwind` is not currently supported by Kani. Please post your example at https://github.com/model-checking/kani/issues/new/choose"
	 - Location: library/core/src/panicking.rs:64:9 in function panicking::panic_fmt

Check 15: option::Option::<ptr::non_null::NonNull<i32>>::unwrap.unreachable.1
	 - Status: SUCCESS
	 - Description: "unreachable code"
	 - Location: library/core/src/option.rs:969:15 in function option::Option::<ptr::non_null::NonNull<i32>>::unwrap

Check 16: free.frees.1
	 - Status: SUCCESS
	 - Description: "Check that ptr is freeable"
	 - Location: <builtin-library-free>:43 in function free

Check 17: memcpy.assigns.1
	 - Status: SUCCESS
	 - Description: "Check that array_copy((const void *)src_n, ...) is allowed by the assigns clause"
	 - Location: <builtin-library-memcpy>:45 in function memcpy

Check 18: memcpy.assigns.2
	 - Status: SUCCESS
	 - Description: "Check that array_replace((const void *)(char *)dst, ...) is allowed by the assigns clause"
	 - Location: <builtin-library-memcpy>:46 in function memcpy

Check 19: __CPROVER_contracts_write_set_record_deallocated.unwind.1
	 - Status: SUCCESS
	 - Description: "unwinding assertion loop 0"
	 - Location: <builtin-library-__CPROVER_contracts_library>:710 in function __CPROVER_contracts_write_set_record_deallocated

Check 20: ub_checks::is_nonoverlapping::runtime.unreachable.1
	 - Status: SUCCESS
	 - Description: "unreachable code"
	 - Location: library/core/src/ub_checks.rs:146:5 in function ub_checks::is_nonoverlapping::runtime

Check 21: <() as kani::mem::PtrProperties<i32>>::is_ptr_aligned.assertion.1
	 - Status: SUCCESS
	 - Description: "attempt to calculate the remainder with a divisor of zero"
	 - Location: ../../kani/library/kani_core/src/mem.rs:220:17 in function <() as kani::mem::PtrProperties<i32>>::is_ptr_aligned

Check 22: <() as kani::mem::PtrProperties<i32>>::is_ptr_aligned.arithmetic_overflow.1
	 - Status: SUCCESS
	 - Description: "attempt to calculate the remainder with a divisor of zero"
	 - Location: ../../kani/library/kani_core/src/mem.rs:220:17 in function <() as kani::mem::PtrProperties<i32>>::is_ptr_aligned

Check 23: ptr::mut_ptr::<impl *mut T>::add::runtime_add_nowrap::runtime.unreachable.1
	 - Status: SUCCESS
	 - Description: "unreachable code"
	 - Location: library/core/src/ptr/mut_ptr.rs:1010:13 in function ptr::mut_ptr::<impl *mut T>::add::runtime_add_nowrap::runtime

Check 24: __CPROVER_contracts_write_set_check_assignment.assertion.7
	 - Status: SUCCESS
	 - Description: "ptr NULL or writable up to size"
	 - Location: <builtin-library-__CPROVER_contracts_library>:775 in function __CPROVER_contracts_write_set_check_assignment

Check 25: __CPROVER_contracts_write_set_check_assignment.assertion.8
	 - Status: SUCCESS
	 - Description: "CAR size is less than __CPROVER_max_malloc_size"
	 - Location: <builtin-library-__CPROVER_contracts_library>:792 in function __CPROVER_contracts_write_set_check_assignment

Check 26: __CPROVER_contracts_write_set_check_assignment.assertion.9
	 - Status: SUCCESS
	 - Description: "no offset bits overflow on CAR upper bound computation"
	 - Location: <builtin-library-__CPROVER_contracts_library>:798 in function __CPROVER_contracts_write_set_check_assignment

Check 27: __CPROVER_contracts_write_set_check_assignment.unwind.3
	 - Status: SUCCESS
	 - Description: "unwinding assertion loop 0"
	 - Location: <builtin-library-__CPROVER_contracts_library>:807 in function __CPROVER_contracts_write_set_check_assignment

Check 28: <() as kani::mem::PtrProperties<u8>>::is_ptr_aligned.assertion.1
	 - Status: SUCCESS
	 - Description: "attempt to calculate the remainder with a divisor of zero"
	 - Location: ../../kani/library/kani_core/src/mem.rs:220:17 in function <() as kani::mem::PtrProperties<u8>>::is_ptr_aligned

Check 29: <() as kani::mem::PtrProperties<u8>>::is_ptr_aligned.arithmetic_overflow.1
	 - Status: SUCCESS
	 - Description: "attempt to calculate the remainder with a divisor of zero"
	 - Location: ../../kani/library/kani_core/src/mem.rs:220:17 in function <() as kani::mem::PtrProperties<u8>>::is_ptr_aligned

Check 30: option::Option::<usize>::map_or::<bool, {closure@/Users/dhvanikapadia/Downloads/verify-rust-std/library/core/src/ptr/non_null.rs:968:75: 968:81}>.unreachable.1
	 - Status: SUCCESS
	 - Description: "unreachable code"
	 - Location: library/core/src/option.rs:1170:15 in function option::Option::<usize>::map_or::<bool, {closure@/Users/dhvanikapadia/Downloads/verify-rust-std/library/core/src/ptr/non_null.rs:968:75: 968:81}>

Check 31: kani::mem::is_inbounds::<(), u8>.assertion.1
	 - Status: SUCCESS
	 - Description: "Kani does not support reasoning about pointer to unallocated memory"
	 - Location: library/core/src/lib.rs:421:1 in function kani::mem::is_inbounds::<(), u8>

Check 32: kani::mem::assert_is_initialized::<u8>.assertion.1
	 - Status: SUCCESS
	 - Description: "Undefined Behavior: Reading from an uninitialized pointer"
	 - Location: library/core/src/lib.rs:421:1 in function kani::mem::assert_is_initialized::<u8>

Check 33: ptr::mut_ptr::<impl *mut u8>::add.arithmetic_overflow.1
	 - Status: SUCCESS
	 - Description: "offset: attempt to compute number in bytes which would overflow"
	 - Location: library/core/src/ptr/mut_ptr.rs:1037:18 in function ptr::mut_ptr::<impl *mut u8>::add

Check 34: ptr::mut_ptr::<impl *mut u8>::add.arithmetic_overflow.2
	 - Status: SUCCESS
	 - Description: "attempt to compute offset which would overflow"
	 - Location: library/core/src/ptr/mut_ptr.rs:1037:18 in function ptr::mut_ptr::<impl *mut u8>::add

Check 35: fmt::Arguments::<'_>::new_const::<1>.assigns.1
	 - Status: SUCCESS
	 - Description: "Check that *((unsigned char **)&temp_0) is assignable"
	 - Location: library/core/src/fmt/mod.rs:342:34 in function fmt::Arguments::<'_>::new_const::<1>

Check 36: kani::mem::is_inbounds::<(), i32>.assertion.1
	 - Status: FAILURE
	 - Description: "Kani does not support reasoning about pointer to unallocated memory"
	 - Location: library/core/src/lib.rs:421:1 in function kani::mem::is_inbounds::<(), i32>

Check 37: <core::ptr::non_null::NonNull<i32>>::copy_to::{closure#2}::{closure#2}.single_top_level_call.1
	 - Status: SUCCESS
	 - Description: "Only a single top-level call to function _RNCNCNvMs1_NtNtCsdg7tvWISkkD_4core3ptr8non_nullINtB9_7NonNulllE7copy_tos0_0s0_0Bd_ when checking contract _RNCNCNvMs1_NtNtCsdg7tvWISkkD_4core3ptr8non_nullINtB9_7NonNulllE7copy_tos0_0s0_0Bd_"
	 - Location: library/core/src/ptr/non_null.rs:974:5 in function <core::ptr::non_null::NonNull<i32>>::copy_to::{closure#2}::{closure#2}

Check 38: <core::ptr::non_null::NonNull<i32>>::copy_to::{closure#2}::{closure#2}.no_alloc_dealloc_in_requires.1
	 - Status: SUCCESS
	 - Description: "Check that requires do not allocate or deallocate memory"
	 - Location: library/core/src/ptr/non_null.rs:974:5 in function <core::ptr::non_null::NonNull<i32>>::copy_to::{closure#2}::{closure#2}

Check 39: <core::ptr::non_null::NonNull<i32>>::copy_to::{closure#2}::{closure#2}.no_alloc_dealloc_in_ensures.1
	 - Status: SUCCESS
	 - Description: "Check that ensures do not allocate or deallocate memory"
	 - Location: library/core/src/ptr/non_null.rs:974:5 in function <core::ptr::non_null::NonNull<i32>>::copy_to::{closure#2}::{closure#2}

Check 40: <core::ptr::non_null::NonNull<i32>>::copy_to::{closure#2}::{closure#2}.no_recursive_call.1
	 - Status: SUCCESS
	 - Description: "No recursive call to function _RNCNCNvMs1_NtNtCsdg7tvWISkkD_4core3ptr8non_nullINtB9_7NonNulllE7copy_tos0_0s0_0Bd_ when checking contract _RNCNCNvMs1_NtNtCsdg7tvWISkkD_4core3ptr8non_nullINtB9_7NonNulllE7copy_tos0_0s0_0Bd_"
	 - Location: library/core/src/ptr/non_null.rs:974:5 in function <core::ptr::non_null::NonNull<i32>>::copy_to::{closure#2}::{closure#2}

Check 41: panic::location::Location::<'_>::caller.unsupported_construct.1
	 - Status: SUCCESS
	 - Description: "caller_location is not currently supported by Kani. Please post your example at https://github.com/model-checking/kani/issues/374"
	 - Location: library/core/src/panic/location.rs:89:9 in function panic::location::Location::<'_>::caller

Check 42: ptr::non_null::NonNull::<i32>::copy_to::{closure#1}.unreachable.1
	 - Status: SUCCESS
	 - Description: "unreachable code"
	 - Location: library/core/src/ptr/non_null.rs:968:5 in function ptr::non_null::NonNull::<i32>::copy_to::{closure#1}

Check 43: ptr::non_null::NonNull::<i32>::new::{closure#2}.unreachable.1
	 - Status: SUCCESS
	 - Description: "unreachable code"
	 - Location: library/core/src/ptr/non_null.rs:229:5 in function ptr::non_null::NonNull::<i32>::new::{closure#2}

Check 44: ptr::non_null::NonNull::<i32>::new_unchecked::{closure#0}.unreachable.1
	 - Status: SUCCESS
	 - Description: "unreachable code"
	 - Location: library/core/src/ptr/non_null.rs:198:5 in function ptr::non_null::NonNull::<i32>::new_unchecked::{closure#0}

Check 45: kani::arbitrary_ptr::PointerGenerator::<16>::create_in_bounds_ptr::<i32>::{closure#0}.assertion.1
	 - Status: SUCCESS
	 - Description: "attempt to subtract with overflow"
	 - Location: ../../kani/library/kani_core/src/arbitrary/pointer.rs:334:64 in function kani::arbitrary_ptr::PointerGenerator::<16>::create_in_bounds_ptr::<i32>::{closure#0}

Check 46: ptr::non_null::NonNull::<i32>::new.assigns.1
	 - Status: SUCCESS
	 - Description: "Check that *((unsigned char **)&temp_0) is assignable"
	 - Location: library/core/src/ptr/non_null.rs:236:13 in function ptr::non_null::NonNull::<i32>::new

Check 47: num::<impl usize>::abs_diff.assertion.1
	 - Status: UNREACHABLE
	 - Description: "attempt to subtract with overflow"
	 - Location: library/core/src/num/uint_macros.rs:2426:21 in function num::<impl usize>::abs_diff

Check 48: num::<impl usize>::abs_diff.assertion.2
	 - Status: UNREACHABLE
	 - Description: "attempt to subtract with overflow"
	 - Location: library/core/src/num/uint_macros.rs:2428:21 in function num::<impl usize>::abs_diff

Check 49: ptr::mut_ptr::<impl *mut i32>::add.arithmetic_overflow.1
	 - Status: SUCCESS
	 - Description: "offset: attempt to compute number in bytes which would overflow"
	 - Location: library/core/src/ptr/mut_ptr.rs:1037:18 in function ptr::mut_ptr::<impl *mut i32>::add

Check 50: ptr::mut_ptr::<impl *mut i32>::add.arithmetic_overflow.2
	 - Status: FAILURE
	 - Description: "attempt to compute offset which would overflow"
	 - Location: library/core/src/ptr/mut_ptr.rs:1037:18 in function ptr::mut_ptr::<impl *mut i32>::add

Check 51: ptr::non_null::NonNull::<i32>::copy_to::{closure#2}.assertion.1
	 - Status: SUCCESS
	 - Description: "|result: &()| ub_checks::can_dereference(self.as_ptr() as *const u8) &&
ub_checks::can_dereference(dest.as_ptr() as *const u8)"
	 - Location: library/core/src/ptr/non_null.rs:972:5 in function ptr::non_null::NonNull::<i32>::copy_to::{closure#2}

Check 52: kani::arbitrary_ptr::PointerGenerator::<16>::any_in_bounds::<i32>.assertion.1
	 - Status: SUCCESS
	 - Description: "This is a placeholder message; Kani doesn't support message formatted at runtime"
	 - Location: library/core/src/lib.rs:421:1 in function kani::arbitrary_ptr::PointerGenerator::<16>::any_in_bounds::<i32>

Check 53: intrinsics::copy::<i32>.safety_check.1
	 - Status: SUCCESS
	 - Description: "`src` must be properly aligned"
	 - Location: library/core/src/intrinsics.rs:3414:9 in function intrinsics::copy::<i32>

Check 54: intrinsics::copy::<i32>.safety_check.2
	 - Status: SUCCESS
	 - Description: "`dst` must be properly aligned"
	 - Location: library/core/src/intrinsics.rs:3414:9 in function intrinsics::copy::<i32>

Check 55: intrinsics::copy::<i32>.arithmetic_overflow.1
	 - Status: SUCCESS
	 - Description: "copy: attempt to compute number in bytes which would overflow"
	 - Location: library/core/src/intrinsics.rs:3414:9 in function intrinsics::copy::<i32>

Check 56: ptr::non_null::NonNull::<i32>::new_unchecked::{closure#1}.unreachable.1
	 - Status: SUCCESS
	 - Description: "unreachable code"
	 - Location: library/core/src/ptr/non_null.rs:198:5 in function ptr::non_null::NonNull::<i32>::new_unchecked::{closure#1}

Check 57: option::unwrap_failed.assertion.1
	 - Status: SUCCESS
	 - Description: "called `Option::unwrap()` on a `None` value"
	 - Location: library/core/src/option.rs:2008:5 in function option::unwrap_failed

Check 58: num::<impl i32>::abs.assertion.1
	 - Status: UNREACHABLE
	 - Description: "attempt to negate with overflow"
	 - Location: library/core/src/num/int_macros.rs:3381:17 in function num::<impl i32>::abs

Check 59: kani::arbitrary_ptr::PointerGenerator::<16>::create_in_bounds_ptr::<i32>.assertion.1
	 - Status: SUCCESS
	 - Description: "This is a placeholder message; Kani doesn't support message formatted at runtime"
	 - Location: library/core/src/lib.rs:421:1 in function kani::arbitrary_ptr::PointerGenerator::<16>::create_in_bounds_ptr::<i32>

Check 60: kani::mem::assert_is_initialized::<mem::maybe_uninit::MaybeUninit<i32>>.assertion.1
	 - Status: SUCCESS
	 - Description: "Undefined Behavior: Reading from an uninitialized pointer"
	 - Location: library/core/src/lib.rs:421:1 in function kani::mem::assert_is_initialized::<mem::maybe_uninit::MaybeUninit<i32>>

Check 61: ptr::non_null::NonNull::<i32>::new_unchecked::{closure#2}.unreachable.1
	 - Status: SUCCESS
	 - Description: "unreachable code"
	 - Location: library/core/src/ptr/non_null.rs:198:5 in function ptr::non_null::NonNull::<i32>::new_unchecked::{closure#2}

Check 62: ptr::non_null::NonNull::<i32>::copy_to::{closure#0}.unreachable.1
	 - Status: SUCCESS
	 - Description: "unreachable code"
	 - Location: library/core/src/ptr/non_null.rs:968:5 in function ptr::non_null::NonNull::<i32>::copy_to::{closure#0}

Check 63: ptr::const_ptr::<impl *const ()>::is_aligned_to.assertion.1
	 - Status: SUCCESS
	 - Description: "This is a placeholder message; Kani doesn't support message formatted at runtime"
	 - Location: library/core/src/ptr/const_ptr.rs:1640:13 in function ptr::const_ptr::<impl *const ()>::is_aligned_to

Check 64: <() as kani::mem::PtrProperties<mem::maybe_uninit::MaybeUninit<i32>>>::is_ptr_aligned.assertion.1
	 - Status: SUCCESS
	 - Description: "attempt to calculate the remainder with a divisor of zero"
	 - Location: ../../kani/library/kani_core/src/mem.rs:220:17 in function <() as kani::mem::PtrProperties<mem::maybe_uninit::MaybeUninit<i32>>>::is_ptr_aligned

Check 65: <() as kani::mem::PtrProperties<mem::maybe_uninit::MaybeUninit<i32>>>::is_ptr_aligned.arithmetic_overflow.1
	 - Status: SUCCESS
	 - Description: "attempt to calculate the remainder with a divisor of zero"
	 - Location: ../../kani/library/kani_core/src/mem.rs:220:17 in function <() as kani::mem::PtrProperties<mem::maybe_uninit::MaybeUninit<i32>>>::is_ptr_aligned

Check 66: ptr::const_ptr::<impl *const T>::is_aligned_to::runtime_impl.assertion.1
	 - Status: UNREACHABLE
	 - Description: "attempt to subtract with overflow"
	 - Location: library/core/src/ptr/const_ptr.rs:1645:26 in function ptr::const_ptr::<impl *const T>::is_aligned_to::runtime_impl

Check 67: ptr::non_null::NonNull::<i32>::new::{closure#0}.unreachable.1
	 - Status: SUCCESS
	 - Description: "unreachable code"
	 - Location: library/core/src/ptr/non_null.rs:229:5 in function ptr::non_null::NonNull::<i32>::new::{closure#0}

Check 68: intrinsics::copy_nonoverlapping::<u8>.safety_check.1
	 - Status: SUCCESS
	 - Description: "`src` must be properly aligned"
	 - Location: library/core/src/intrinsics.rs:3308:14 in function intrinsics::copy_nonoverlapping::<u8>

Check 69: intrinsics::copy_nonoverlapping::<u8>.safety_check.2
	 - Status: SUCCESS
	 - Description: "`dst` must be properly aligned"
	 - Location: library/core/src/intrinsics.rs:3308:14 in function intrinsics::copy_nonoverlapping::<u8>

Check 70: intrinsics::copy_nonoverlapping::<u8>.arithmetic_overflow.1
	 - Status: SUCCESS
	 - Description: "copy_nonoverlapping: attempt to compute number in bytes which would overflow"
	 - Location: library/core/src/intrinsics.rs:3308:14 in function intrinsics::copy_nonoverlapping::<u8>

Check 71: ptr::non_null::NonNull::<i32>::new::{closure#1}.unreachable.1
	 - Status: SUCCESS
	 - Description: "unreachable code"
	 - Location: library/core/src/ptr/non_null.rs:229:5 in function ptr::non_null::NonNull::<i32>::new::{closure#1}

Check 72: kani::mem::is_inbounds::<(), mem::maybe_uninit::MaybeUninit<i32>>.assertion.1
	 - Status: SUCCESS
	 - Description: "Kani does not support reasoning about pointer to unallocated memory"
	 - Location: library/core/src/lib.rs:421:1 in function kani::mem::is_inbounds::<(), mem::maybe_uninit::MaybeUninit<i32>>

Check 73: __sincospi.pointer_dereference.1
	 - Status: SUCCESS
	 - Description: "dereference failure: pointer NULL"
	 - Location: ../../../../Library/Developer/CommandLineTools/SDKs/MacOSX.sdk/usr/include/math.h:685 in function __sincospi

Check 74: __sincospi.pointer_dereference.2
	 - Status: SUCCESS
	 - Description: "dereference failure: pointer invalid"
	 - Location: ../../../../Library/Developer/CommandLineTools/SDKs/MacOSX.sdk/usr/include/math.h:685 in function __sincospi

Check 75: __sincospi.pointer_dereference.3
	 - Status: SUCCESS
	 - Description: "dereference failure: deallocated dynamic object"
	 - Location: ../../../../Library/Developer/CommandLineTools/SDKs/MacOSX.sdk/usr/include/math.h:685 in function __sincospi

Check 76: __sincospi.pointer_dereference.4
	 - Status: SUCCESS
	 - Description: "dereference failure: dead object"
	 - Location: ../../../../Library/Developer/CommandLineTools/SDKs/MacOSX.sdk/usr/include/math.h:685 in function __sincospi

Check 77: __sincospi.pointer_dereference.5
	 - Status: SUCCESS
	 - Description: "dereference failure: pointer outside object bounds"
	 - Location: ../../../../Library/Developer/CommandLineTools/SDKs/MacOSX.sdk/usr/include/math.h:685 in function __sincospi

Check 78: __sincospi.pointer_dereference.6
	 - Status: SUCCESS
	 - Description: "dereference failure: invalid integer address"
	 - Location: ../../../../Library/Developer/CommandLineTools/SDKs/MacOSX.sdk/usr/include/math.h:685 in function __sincospi

Check 79: __sincospi.pointer_dereference.7
	 - Status: SUCCESS
	 - Description: "dereference failure: pointer NULL"
	 - Location: ../../../../Library/Developer/CommandLineTools/SDKs/MacOSX.sdk/usr/include/math.h:685 in function __sincospi

Check 80: __sincospi.pointer_dereference.8
	 - Status: SUCCESS
	 - Description: "dereference failure: pointer invalid"
	 - Location: ../../../../Library/Developer/CommandLineTools/SDKs/MacOSX.sdk/usr/include/math.h:685 in function __sincospi

Check 81: __sincospi.pointer_dereference.9
	 - Status: SUCCESS
	 - Description: "dereference failure: deallocated dynamic object"
	 - Location: ../../../../Library/Developer/CommandLineTools/SDKs/MacOSX.sdk/usr/include/math.h:685 in function __sincospi

Check 82: __sincospi.pointer_dereference.10
	 - Status: SUCCESS
	 - Description: "dereference failure: dead object"
	 - Location: ../../../../Library/Developer/CommandLineTools/SDKs/MacOSX.sdk/usr/include/math.h:685 in function __sincospi

Check 83: __sincospi.pointer_dereference.11
	 - Status: SUCCESS
	 - Description: "dereference failure: pointer outside object bounds"
	 - Location: ../../../../Library/Developer/CommandLineTools/SDKs/MacOSX.sdk/usr/include/math.h:685 in function __sincospi

Check 84: __sincospi.pointer_dereference.12
	 - Status: SUCCESS
	 - Description: "dereference failure: invalid integer address"
	 - Location: ../../../../Library/Developer/CommandLineTools/SDKs/MacOSX.sdk/usr/include/math.h:685 in function __sincospi

Check 85: __sincos.pointer_dereference.1
	 - Status: SUCCESS
	 - Description: "dereference failure: pointer NULL"
	 - Location: ../../../../Library/Developer/CommandLineTools/SDKs/MacOSX.sdk/usr/include/math.h:675 in function __sincos

Check 86: __sincos.pointer_dereference.2
	 - Status: SUCCESS
	 - Description: "dereference failure: pointer invalid"
	 - Location: ../../../../Library/Developer/CommandLineTools/SDKs/MacOSX.sdk/usr/include/math.h:675 in function __sincos

Check 87: __sincos.pointer_dereference.3
	 - Status: SUCCESS
	 - Description: "dereference failure: deallocated dynamic object"
	 - Location: ../../../../Library/Developer/CommandLineTools/SDKs/MacOSX.sdk/usr/include/math.h:675 in function __sincos

Check 88: __sincos.pointer_dereference.4
	 - Status: SUCCESS
	 - Description: "dereference failure: dead object"
	 - Location: ../../../../Library/Developer/CommandLineTools/SDKs/MacOSX.sdk/usr/include/math.h:675 in function __sincos

Check 89: __sincos.pointer_dereference.5
	 - Status: SUCCESS
	 - Description: "dereference failure: pointer outside object bounds"
	 - Location: ../../../../Library/Developer/CommandLineTools/SDKs/MacOSX.sdk/usr/include/math.h:675 in function __sincos

Check 90: __sincos.pointer_dereference.6
	 - Status: SUCCESS
	 - Description: "dereference failure: invalid integer address"
	 - Location: ../../../../Library/Developer/CommandLineTools/SDKs/MacOSX.sdk/usr/include/math.h:675 in function __sincos

Check 91: __sincos.pointer_dereference.7
	 - Status: SUCCESS
	 - Description: "dereference failure: pointer NULL"
	 - Location: ../../../../Library/Developer/CommandLineTools/SDKs/MacOSX.sdk/usr/include/math.h:675 in function __sincos

Check 92: __sincos.pointer_dereference.8
	 - Status: SUCCESS
	 - Description: "dereference failure: pointer invalid"
	 - Location: ../../../../Library/Developer/CommandLineTools/SDKs/MacOSX.sdk/usr/include/math.h:675 in function __sincos

Check 93: __sincos.pointer_dereference.9
	 - Status: SUCCESS
	 - Description: "dereference failure: deallocated dynamic object"
	 - Location: ../../../../Library/Developer/CommandLineTools/SDKs/MacOSX.sdk/usr/include/math.h:675 in function __sincos

Check 94: __sincos.pointer_dereference.10
	 - Status: SUCCESS
	 - Description: "dereference failure: dead object"
	 - Location: ../../../../Library/Developer/CommandLineTools/SDKs/MacOSX.sdk/usr/include/math.h:675 in function __sincos

Check 95: __sincos.pointer_dereference.11
	 - Status: SUCCESS
	 - Description: "dereference failure: pointer outside object bounds"
	 - Location: ../../../../Library/Developer/CommandLineTools/SDKs/MacOSX.sdk/usr/include/math.h:675 in function __sincos

Check 96: __sincos.pointer_dereference.12
	 - Status: SUCCESS
	 - Description: "dereference failure: invalid integer address"
	 - Location: ../../../../Library/Developer/CommandLineTools/SDKs/MacOSX.sdk/usr/include/math.h:675 in function __sincos

Check 97: __sincospif.pointer_dereference.1
	 - Status: SUCCESS
	 - Description: "dereference failure: pointer NULL"
	 - Location: ../../../../Library/Developer/CommandLineTools/SDKs/MacOSX.sdk/usr/include/math.h:680 in function __sincospif

Check 98: __sincospif.pointer_dereference.2
	 - Status: SUCCESS
	 - Description: "dereference failure: pointer invalid"
	 - Location: ../../../../Library/Developer/CommandLineTools/SDKs/MacOSX.sdk/usr/include/math.h:680 in function __sincospif

Check 99: __sincospif.pointer_dereference.3
	 - Status: SUCCESS
	 - Description: "dereference failure: deallocated dynamic object"
	 - Location: ../../../../Library/Developer/CommandLineTools/SDKs/MacOSX.sdk/usr/include/math.h:680 in function __sincospif

Check 100: __sincospif.pointer_dereference.4
	 - Status: SUCCESS
	 - Description: "dereference failure: dead object"
	 - Location: ../../../../Library/Developer/CommandLineTools/SDKs/MacOSX.sdk/usr/include/math.h:680 in function __sincospif

Check 101: __sincospif.pointer_dereference.5
	 - Status: SUCCESS
	 - Description: "dereference failure: pointer outside object bounds"
	 - Location: ../../../../Library/Developer/CommandLineTools/SDKs/MacOSX.sdk/usr/include/math.h:680 in function __sincospif

Check 102: __sincospif.pointer_dereference.6
	 - Status: SUCCESS
	 - Description: "dereference failure: invalid integer address"
	 - Location: ../../../../Library/Developer/CommandLineTools/SDKs/MacOSX.sdk/usr/include/math.h:680 in function __sincospif

Check 103: __sincospif.pointer_dereference.7
	 - Status: SUCCESS
	 - Description: "dereference failure: pointer NULL"
	 - Location: ../../../../Library/Developer/CommandLineTools/SDKs/MacOSX.sdk/usr/include/math.h:680 in function __sincospif

Check 104: __sincospif.pointer_dereference.8
	 - Status: SUCCESS
	 - Description: "dereference failure: pointer invalid"
	 - Location: ../../../../Library/Developer/CommandLineTools/SDKs/MacOSX.sdk/usr/include/math.h:680 in function __sincospif

Check 105: __sincospif.pointer_dereference.9
	 - Status: SUCCESS
	 - Description: "dereference failure: deallocated dynamic object"
	 - Location: ../../../../Library/Developer/CommandLineTools/SDKs/MacOSX.sdk/usr/include/math.h:680 in function __sincospif

Check 106: __sincospif.pointer_dereference.10
	 - Status: SUCCESS
	 - Description: "dereference failure: dead object"
	 - Location: ../../../../Library/Developer/CommandLineTools/SDKs/MacOSX.sdk/usr/include/math.h:680 in function __sincospif

Check 107: __sincospif.pointer_dereference.11
	 - Status: SUCCESS
	 - Description: "dereference failure: pointer outside object bounds"
	 - Location: ../../../../Library/Developer/CommandLineTools/SDKs/MacOSX.sdk/usr/include/math.h:680 in function __sincospif

Check 108: __sincospif.pointer_dereference.12
	 - Status: SUCCESS
	 - Description: "dereference failure: invalid integer address"
	 - Location: ../../../../Library/Developer/CommandLineTools/SDKs/MacOSX.sdk/usr/include/math.h:680 in function __sincospif

Check 109: __sincosf.pointer_dereference.1
	 - Status: SUCCESS
	 - Description: "dereference failure: pointer NULL"
	 - Location: ../../../../Library/Developer/CommandLineTools/SDKs/MacOSX.sdk/usr/include/math.h:670 in function __sincosf

Check 110: __sincosf.pointer_dereference.2
	 - Status: SUCCESS
	 - Description: "dereference failure: pointer invalid"
	 - Location: ../../../../Library/Developer/CommandLineTools/SDKs/MacOSX.sdk/usr/include/math.h:670 in function __sincosf

Check 111: __sincosf.pointer_dereference.3
	 - Status: SUCCESS
	 - Description: "dereference failure: deallocated dynamic object"
	 - Location: ../../../../Library/Developer/CommandLineTools/SDKs/MacOSX.sdk/usr/include/math.h:670 in function __sincosf

Check 112: __sincosf.pointer_dereference.4
	 - Status: SUCCESS
	 - Description: "dereference failure: dead object"
	 - Location: ../../../../Library/Developer/CommandLineTools/SDKs/MacOSX.sdk/usr/include/math.h:670 in function __sincosf

Check 113: __sincosf.pointer_dereference.5
	 - Status: SUCCESS
	 - Description: "dereference failure: pointer outside object bounds"
	 - Location: ../../../../Library/Developer/CommandLineTools/SDKs/MacOSX.sdk/usr/include/math.h:670 in function __sincosf

Check 114: __sincosf.pointer_dereference.6
	 - Status: SUCCESS
	 - Description: "dereference failure: invalid integer address"
	 - Location: ../../../../Library/Developer/CommandLineTools/SDKs/MacOSX.sdk/usr/include/math.h:670 in function __sincosf

Check 115: __sincosf.pointer_dereference.7
	 - Status: SUCCESS
	 - Description: "dereference failure: pointer NULL"
	 - Location: ../../../../Library/Developer/CommandLineTools/SDKs/MacOSX.sdk/usr/include/math.h:670 in function __sincosf

Check 116: __sincosf.pointer_dereference.8
	 - Status: SUCCESS
	 - Description: "dereference failure: pointer invalid"
	 - Location: ../../../../Library/Developer/CommandLineTools/SDKs/MacOSX.sdk/usr/include/math.h:670 in function __sincosf

Check 117: __sincosf.pointer_dereference.9
	 - Status: SUCCESS
	 - Description: "dereference failure: deallocated dynamic object"
	 - Location: ../../../../Library/Developer/CommandLineTools/SDKs/MacOSX.sdk/usr/include/math.h:670 in function __sincosf

Check 118: __sincosf.pointer_dereference.10
	 - Status: SUCCESS
	 - Description: "dereference failure: dead object"
	 - Location: ../../../../Library/Developer/CommandLineTools/SDKs/MacOSX.sdk/usr/include/math.h:670 in function __sincosf

Check 119: __sincosf.pointer_dereference.11
	 - Status: SUCCESS
	 - Description: "dereference failure: pointer outside object bounds"
	 - Location: ../../../../Library/Developer/CommandLineTools/SDKs/MacOSX.sdk/usr/include/math.h:670 in function __sincosf

Check 120: __sincosf.pointer_dereference.12
	 - Status: SUCCESS
	 - Description: "dereference failure: invalid integer address"
	 - Location: ../../../../Library/Developer/CommandLineTools/SDKs/MacOSX.sdk/usr/include/math.h:670 in function __sincosf

Check 121: __CPROVER_contracts_obj_set_create_indexed_by_object_id.bit_count.1
	 - Status: SUCCESS
	 - Description: "count leading zeros is undefined for value zero"
	 - Location: <builtin-library-__CPROVER_contracts_library>:251 in function __CPROVER_contracts_obj_set_create_indexed_by_object_id

Check 122: ptr::non_null::verify::non_null_check_copy_to.precondition_instance.1
	 - Status: SUCCESS
	 - Description: "free argument must be NULL or valid pointer"
	 - Location: library/core/src/ptr/non_null.rs:1884:5 in function ptr::non_null::verify::non_null_check_copy_to

Check 123: ptr::non_null::verify::non_null_check_copy_to.precondition_instance.2
	 - Status: SUCCESS
	 - Description: "free argument must be dynamic object"
	 - Location: library/core/src/ptr/non_null.rs:1884:5 in function ptr::non_null::verify::non_null_check_copy_to

Check 124: ptr::non_null::verify::non_null_check_copy_to.precondition_instance.3
	 - Status: SUCCESS
	 - Description: "free argument has offset zero"
	 - Location: library/core/src/ptr/non_null.rs:1884:5 in function ptr::non_null::verify::non_null_check_copy_to

Check 125: ptr::non_null::verify::non_null_check_copy_to.precondition_instance.4
	 - Status: SUCCESS
	 - Description: "double free"
	 - Location: library/core/src/ptr/non_null.rs:1884:5 in function ptr::non_null::verify::non_null_check_copy_to

Check 126: ptr::non_null::verify::non_null_check_copy_to.precondition_instance.5
	 - Status: SUCCESS
	 - Description: "free called for new[] object"
	 - Location: library/core/src/ptr/non_null.rs:1884:5 in function ptr::non_null::verify::non_null_check_copy_to

Check 127: ptr::non_null::verify::non_null_check_copy_to.precondition_instance.6
	 - Status: SUCCESS
	 - Description: "free called for stack-allocated object"
	 - Location: library/core/src/ptr/non_null.rs:1884:5 in function ptr::non_null::verify::non_null_check_copy_to

Check 128: <() as kani::mem::PtrProperties<mem::maybe_uninit::MaybeUninit<i32>>>::is_ptr_aligned.division-by-zero.1
	 - Status: SUCCESS
	 - Description: "division by zero"
	 - Location: ../../kani/library/kani_core/src/mem.rs:220:17 in function <() as kani::mem::PtrProperties<mem::maybe_uninit::MaybeUninit<i32>>>::is_ptr_aligned

Check 129: ptr::non_null::NonNull::<i32>::copy_to::{closure#2}::{closure#1}.pointer_dereference.1
	 - Status: SUCCESS
	 - Description: "dereference failure: pointer NULL"
	 - Location: library/core/src/ptr/non_null.rs:972:56 in function ptr::non_null::NonNull::<i32>::copy_to::{closure#2}::{closure#1}

Check 130: ptr::non_null::NonNull::<i32>::copy_to::{closure#2}::{closure#1}.pointer_dereference.2
	 - Status: SUCCESS
	 - Description: "dereference failure: pointer invalid"
	 - Location: library/core/src/ptr/non_null.rs:972:56 in function ptr::non_null::NonNull::<i32>::copy_to::{closure#2}::{closure#1}

Check 131: ptr::non_null::NonNull::<i32>::copy_to::{closure#2}::{closure#1}.pointer_dereference.3
	 - Status: SUCCESS
	 - Description: "dereference failure: deallocated dynamic object"
	 - Location: library/core/src/ptr/non_null.rs:972:56 in function ptr::non_null::NonNull::<i32>::copy_to::{closure#2}::{closure#1}

Check 132: ptr::non_null::NonNull::<i32>::copy_to::{closure#2}::{closure#1}.pointer_dereference.4
	 - Status: SUCCESS
	 - Description: "dereference failure: dead object"
	 - Location: library/core/src/ptr/non_null.rs:972:56 in function ptr::non_null::NonNull::<i32>::copy_to::{closure#2}::{closure#1}

Check 133: ptr::non_null::NonNull::<i32>::copy_to::{closure#2}::{closure#1}.pointer_dereference.5
	 - Status: SUCCESS
	 - Description: "dereference failure: pointer outside object bounds"
	 - Location: library/core/src/ptr/non_null.rs:972:56 in function ptr::non_null::NonNull::<i32>::copy_to::{closure#2}::{closure#1}

Check 134: ptr::non_null::NonNull::<i32>::copy_to::{closure#2}::{closure#1}.pointer_dereference.6
	 - Status: SUCCESS
	 - Description: "dereference failure: invalid integer address"
	 - Location: library/core/src/ptr/non_null.rs:972:56 in function ptr::non_null::NonNull::<i32>::copy_to::{closure#2}::{closure#1}

Check 135: ptr::non_null::NonNull::<i32>::copy_to::{closure#2}::{closure#1}.pointer_dereference.7
	 - Status: SUCCESS
	 - Description: "dereference failure: pointer NULL"
	 - Location: library/core/src/ptr/non_null.rs:972:56 in function ptr::non_null::NonNull::<i32>::copy_to::{closure#2}::{closure#1}

Check 136: ptr::non_null::NonNull::<i32>::copy_to::{closure#2}::{closure#1}.pointer_dereference.8
	 - Status: SUCCESS
	 - Description: "dereference failure: pointer invalid"
	 - Location: library/core/src/ptr/non_null.rs:972:56 in function ptr::non_null::NonNull::<i32>::copy_to::{closure#2}::{closure#1}

Check 137: ptr::non_null::NonNull::<i32>::copy_to::{closure#2}::{closure#1}.pointer_dereference.9
	 - Status: SUCCESS
	 - Description: "dereference failure: deallocated dynamic object"
	 - Location: library/core/src/ptr/non_null.rs:972:56 in function ptr::non_null::NonNull::<i32>::copy_to::{closure#2}::{closure#1}

Check 138: ptr::non_null::NonNull::<i32>::copy_to::{closure#2}::{closure#1}.pointer_dereference.10
	 - Status: SUCCESS
	 - Description: "dereference failure: dead object"
	 - Location: library/core/src/ptr/non_null.rs:972:56 in function ptr::non_null::NonNull::<i32>::copy_to::{closure#2}::{closure#1}

Check 139: ptr::non_null::NonNull::<i32>::copy_to::{closure#2}::{closure#1}.pointer_dereference.11
	 - Status: SUCCESS
	 - Description: "dereference failure: pointer outside object bounds"
	 - Location: library/core/src/ptr/non_null.rs:972:56 in function ptr::non_null::NonNull::<i32>::copy_to::{closure#2}::{closure#1}

Check 140: ptr::non_null::NonNull::<i32>::copy_to::{closure#2}::{closure#1}.pointer_dereference.12
	 - Status: SUCCESS
	 - Description: "dereference failure: invalid integer address"
	 - Location: library/core/src/ptr/non_null.rs:972:56 in function ptr::non_null::NonNull::<i32>::copy_to::{closure#2}::{closure#1}

Check 141: ptr::non_null::NonNull::<i32>::copy_to::{closure#2}::{closure#1}.pointer_dereference.13
	 - Status: SUCCESS
	 - Description: "dereference failure: pointer NULL"
	 - Location: library/core/src/ptr/non_null.rs:973:39 in function ptr::non_null::NonNull::<i32>::copy_to::{closure#2}::{closure#1}

Check 142: ptr::non_null::NonNull::<i32>::copy_to::{closure#2}::{closure#1}.pointer_dereference.14
	 - Status: SUCCESS
	 - Description: "dereference failure: pointer invalid"
	 - Location: library/core/src/ptr/non_null.rs:973:39 in function ptr::non_null::NonNull::<i32>::copy_to::{closure#2}::{closure#1}

Check 143: ptr::non_null::NonNull::<i32>::copy_to::{closure#2}::{closure#1}.pointer_dereference.15
	 - Status: SUCCESS
	 - Description: "dereference failure: deallocated dynamic object"
	 - Location: library/core/src/ptr/non_null.rs:973:39 in function ptr::non_null::NonNull::<i32>::copy_to::{closure#2}::{closure#1}

Check 144: ptr::non_null::NonNull::<i32>::copy_to::{closure#2}::{closure#1}.pointer_dereference.16
	 - Status: SUCCESS
	 - Description: "dereference failure: dead object"
	 - Location: library/core/src/ptr/non_null.rs:973:39 in function ptr::non_null::NonNull::<i32>::copy_to::{closure#2}::{closure#1}

Check 145: ptr::non_null::NonNull::<i32>::copy_to::{closure#2}::{closure#1}.pointer_dereference.17
	 - Status: SUCCESS
	 - Description: "dereference failure: pointer outside object bounds"
	 - Location: library/core/src/ptr/non_null.rs:973:39 in function ptr::non_null::NonNull::<i32>::copy_to::{closure#2}::{closure#1}

Check 146: ptr::non_null::NonNull::<i32>::copy_to::{closure#2}::{closure#1}.pointer_dereference.18
	 - Status: SUCCESS
	 - Description: "dereference failure: invalid integer address"
	 - Location: library/core/src/ptr/non_null.rs:973:39 in function ptr::non_null::NonNull::<i32>::copy_to::{closure#2}::{closure#1}

Check 147: ptr::non_null::NonNull::<i32>::copy_to::{closure#2}::{closure#1}.pointer_dereference.19
	 - Status: SUCCESS
	 - Description: "dereference failure: pointer NULL"
	 - Location: library/core/src/ptr/non_null.rs:973:39 in function ptr::non_null::NonNull::<i32>::copy_to::{closure#2}::{closure#1}

Check 148: ptr::non_null::NonNull::<i32>::copy_to::{closure#2}::{closure#1}.pointer_dereference.20
	 - Status: SUCCESS
	 - Description: "dereference failure: pointer invalid"
	 - Location: library/core/src/ptr/non_null.rs:973:39 in function ptr::non_null::NonNull::<i32>::copy_to::{closure#2}::{closure#1}

Check 149: ptr::non_null::NonNull::<i32>::copy_to::{closure#2}::{closure#1}.pointer_dereference.21
	 - Status: SUCCESS
	 - Description: "dereference failure: deallocated dynamic object"
	 - Location: library/core/src/ptr/non_null.rs:973:39 in function ptr::non_null::NonNull::<i32>::copy_to::{closure#2}::{closure#1}

Check 150: ptr::non_null::NonNull::<i32>::copy_to::{closure#2}::{closure#1}.pointer_dereference.22
	 - Status: SUCCESS
	 - Description: "dereference failure: dead object"
	 - Location: library/core/src/ptr/non_null.rs:973:39 in function ptr::non_null::NonNull::<i32>::copy_to::{closure#2}::{closure#1}

Check 151: ptr::non_null::NonNull::<i32>::copy_to::{closure#2}::{closure#1}.pointer_dereference.23
	 - Status: SUCCESS
	 - Description: "dereference failure: pointer outside object bounds"
	 - Location: library/core/src/ptr/non_null.rs:973:39 in function ptr::non_null::NonNull::<i32>::copy_to::{closure#2}::{closure#1}

Check 152: ptr::non_null::NonNull::<i32>::copy_to::{closure#2}::{closure#1}.pointer_dereference.24
	 - Status: SUCCESS
	 - Description: "dereference failure: invalid integer address"
	 - Location: library/core/src/ptr/non_null.rs:973:39 in function ptr::non_null::NonNull::<i32>::copy_to::{closure#2}::{closure#1}

Check 153: __CPROVER_contracts_obj_set_create_indexed_by_object_id.bit_count.2
	 - Status: SUCCESS
	 - Description: "count leading zeros is undefined for value zero"
	 - Location: <builtin-library-__CPROVER_contracts_library>:251 in function __CPROVER_contracts_obj_set_create_indexed_by_object_id

Check 154: __CPROVER_contracts_obj_set_create_indexed_by_object_id.bit_count.3
	 - Status: SUCCESS
	 - Description: "count leading zeros is undefined for value zero"
	 - Location: <builtin-library-__CPROVER_contracts_library>:251 in function __CPROVER_contracts_obj_set_create_indexed_by_object_id

Check 155: __CPROVER_contracts_obj_set_create_indexed_by_object_id.bit_count.4
	 - Status: SUCCESS
	 - Description: "count leading zeros is undefined for value zero"
	 - Location: <builtin-library-__CPROVER_contracts_library>:251 in function __CPROVER_contracts_obj_set_create_indexed_by_object_id

Check 156: ptr::non_null::NonNull::<i32>::copy_to::{closure#2}.pointer_dereference.1
	 - Status: SUCCESS
	 - Description: "dereference failure: pointer NULL"
	 - Location: library/core/src/ptr/non_null.rs:968:16 in function ptr::non_null::NonNull::<i32>::copy_to::{closure#2}

Check 157: ptr::non_null::NonNull::<i32>::copy_to::{closure#2}.pointer_dereference.2
	 - Status: SUCCESS
	 - Description: "dereference failure: pointer invalid"
	 - Location: library/core/src/ptr/non_null.rs:968:16 in function ptr::non_null::NonNull::<i32>::copy_to::{closure#2}

Check 158: ptr::non_null::NonNull::<i32>::copy_to::{closure#2}.pointer_dereference.3
	 - Status: SUCCESS
	 - Description: "dereference failure: deallocated dynamic object"
	 - Location: library/core/src/ptr/non_null.rs:968:16 in function ptr::non_null::NonNull::<i32>::copy_to::{closure#2}

Check 159: ptr::non_null::NonNull::<i32>::copy_to::{closure#2}.pointer_dereference.4
	 - Status: SUCCESS
	 - Description: "dereference failure: dead object"
	 - Location: library/core/src/ptr/non_null.rs:968:16 in function ptr::non_null::NonNull::<i32>::copy_to::{closure#2}

Check 160: ptr::non_null::NonNull::<i32>::copy_to::{closure#2}.pointer_dereference.5
	 - Status: SUCCESS
	 - Description: "dereference failure: pointer outside object bounds"
	 - Location: library/core/src/ptr/non_null.rs:968:16 in function ptr::non_null::NonNull::<i32>::copy_to::{closure#2}

Check 161: ptr::non_null::NonNull::<i32>::copy_to::{closure#2}.pointer_dereference.6
	 - Status: SUCCESS
	 - Description: "dereference failure: invalid integer address"
	 - Location: library/core/src/ptr/non_null.rs:968:16 in function ptr::non_null::NonNull::<i32>::copy_to::{closure#2}

Check 162: ptr::non_null::NonNull::<i32>::copy_to::{closure#2}.pointer_dereference.7
	 - Status: SUCCESS
	 - Description: "dereference failure: pointer NULL"
	 - Location: library/core/src/ptr/non_null.rs:968:16 in function ptr::non_null::NonNull::<i32>::copy_to::{closure#2}

Check 163: ptr::non_null::NonNull::<i32>::copy_to::{closure#2}.pointer_dereference.8
	 - Status: SUCCESS
	 - Description: "dereference failure: pointer invalid"
	 - Location: library/core/src/ptr/non_null.rs:968:16 in function ptr::non_null::NonNull::<i32>::copy_to::{closure#2}

Check 164: ptr::non_null::NonNull::<i32>::copy_to::{closure#2}.pointer_dereference.9
	 - Status: SUCCESS
	 - Description: "dereference failure: deallocated dynamic object"
	 - Location: library/core/src/ptr/non_null.rs:968:16 in function ptr::non_null::NonNull::<i32>::copy_to::{closure#2}

Check 165: ptr::non_null::NonNull::<i32>::copy_to::{closure#2}.pointer_dereference.10
	 - Status: SUCCESS
	 - Description: "dereference failure: dead object"
	 - Location: library/core/src/ptr/non_null.rs:968:16 in function ptr::non_null::NonNull::<i32>::copy_to::{closure#2}

Check 166: ptr::non_null::NonNull::<i32>::copy_to::{closure#2}.pointer_dereference.11
	 - Status: SUCCESS
	 - Description: "dereference failure: pointer outside object bounds"
	 - Location: library/core/src/ptr/non_null.rs:968:16 in function ptr::non_null::NonNull::<i32>::copy_to::{closure#2}

Check 167: ptr::non_null::NonNull::<i32>::copy_to::{closure#2}.pointer_dereference.12
	 - Status: SUCCESS
	 - Description: "dereference failure: invalid integer address"
	 - Location: library/core/src/ptr/non_null.rs:968:16 in function ptr::non_null::NonNull::<i32>::copy_to::{closure#2}

Check 168: ptr::non_null::NonNull::<i32>::copy_to::{closure#2}.pointer_dereference.13
	 - Status: SUCCESS
	 - Description: "dereference failure: pointer NULL"
	 - Location: library/core/src/ptr/non_null.rs:969:39 in function ptr::non_null::NonNull::<i32>::copy_to::{closure#2}

Check 169: ptr::non_null::NonNull::<i32>::copy_to::{closure#2}.pointer_dereference.14
	 - Status: SUCCESS
	 - Description: "dereference failure: pointer invalid"
	 - Location: library/core/src/ptr/non_null.rs:969:39 in function ptr::non_null::NonNull::<i32>::copy_to::{closure#2}

Check 170: ptr::non_null::NonNull::<i32>::copy_to::{closure#2}.pointer_dereference.15
	 - Status: SUCCESS
	 - Description: "dereference failure: deallocated dynamic object"
	 - Location: library/core/src/ptr/non_null.rs:969:39 in function ptr::non_null::NonNull::<i32>::copy_to::{closure#2}

Check 171: ptr::non_null::NonNull::<i32>::copy_to::{closure#2}.pointer_dereference.16
	 - Status: SUCCESS
	 - Description: "dereference failure: dead object"
	 - Location: library/core/src/ptr/non_null.rs:969:39 in function ptr::non_null::NonNull::<i32>::copy_to::{closure#2}

Check 172: ptr::non_null::NonNull::<i32>::copy_to::{closure#2}.pointer_dereference.17
	 - Status: SUCCESS
	 - Description: "dereference failure: pointer outside object bounds"
	 - Location: library/core/src/ptr/non_null.rs:969:39 in function ptr::non_null::NonNull::<i32>::copy_to::{closure#2}

Check 173: ptr::non_null::NonNull::<i32>::copy_to::{closure#2}.pointer_dereference.18
	 - Status: SUCCESS
	 - Description: "dereference failure: invalid integer address"
	 - Location: library/core/src/ptr/non_null.rs:969:39 in function ptr::non_null::NonNull::<i32>::copy_to::{closure#2}

Check 174: ptr::non_null::NonNull::<i32>::copy_to::{closure#2}.pointer_dereference.19
	 - Status: SUCCESS
	 - Description: "dereference failure: pointer NULL"
	 - Location: library/core/src/ptr/non_null.rs:969:39 in function ptr::non_null::NonNull::<i32>::copy_to::{closure#2}

Check 175: ptr::non_null::NonNull::<i32>::copy_to::{closure#2}.pointer_dereference.20
	 - Status: SUCCESS
	 - Description: "dereference failure: pointer invalid"
	 - Location: library/core/src/ptr/non_null.rs:969:39 in function ptr::non_null::NonNull::<i32>::copy_to::{closure#2}

Check 176: ptr::non_null::NonNull::<i32>::copy_to::{closure#2}.pointer_dereference.21
	 - Status: SUCCESS
	 - Description: "dereference failure: deallocated dynamic object"
	 - Location: library/core/src/ptr/non_null.rs:969:39 in function ptr::non_null::NonNull::<i32>::copy_to::{closure#2}

Check 177: ptr::non_null::NonNull::<i32>::copy_to::{closure#2}.pointer_dereference.22
	 - Status: SUCCESS
	 - Description: "dereference failure: dead object"
	 - Location: library/core/src/ptr/non_null.rs:969:39 in function ptr::non_null::NonNull::<i32>::copy_to::{closure#2}

Check 178: ptr::non_null::NonNull::<i32>::copy_to::{closure#2}.pointer_dereference.23
	 - Status: SUCCESS
	 - Description: "dereference failure: pointer outside object bounds"
	 - Location: library/core/src/ptr/non_null.rs:969:39 in function ptr::non_null::NonNull::<i32>::copy_to::{closure#2}

Check 179: ptr::non_null::NonNull::<i32>::copy_to::{closure#2}.pointer_dereference.24
	 - Status: SUCCESS
	 - Description: "dereference failure: invalid integer address"
	 - Location: library/core/src/ptr/non_null.rs:969:39 in function ptr::non_null::NonNull::<i32>::copy_to::{closure#2}

Check 180: ptr::non_null::NonNull::<i32>::copy_to::{closure#2}.pointer_dereference.25
	 - Status: SUCCESS
	 - Description: "dereference failure: pointer NULL"
	 - Location: library/core/src/ptr/non_null.rs:970:33 in function ptr::non_null::NonNull::<i32>::copy_to::{closure#2}

Check 181: ptr::non_null::NonNull::<i32>::copy_to::{closure#2}.pointer_dereference.26
	 - Status: SUCCESS
	 - Description: "dereference failure: pointer invalid"
	 - Location: library/core/src/ptr/non_null.rs:970:33 in function ptr::non_null::NonNull::<i32>::copy_to::{closure#2}

Check 182: ptr::non_null::NonNull::<i32>::copy_to::{closure#2}.pointer_dereference.27
	 - Status: SUCCESS
	 - Description: "dereference failure: deallocated dynamic object"
	 - Location: library/core/src/ptr/non_null.rs:970:33 in function ptr::non_null::NonNull::<i32>::copy_to::{closure#2}

Check 183: ptr::non_null::NonNull::<i32>::copy_to::{closure#2}.pointer_dereference.28
	 - Status: SUCCESS
	 - Description: "dereference failure: dead object"
	 - Location: library/core/src/ptr/non_null.rs:970:33 in function ptr::non_null::NonNull::<i32>::copy_to::{closure#2}

Check 184: ptr::non_null::NonNull::<i32>::copy_to::{closure#2}.pointer_dereference.29
	 - Status: SUCCESS
	 - Description: "dereference failure: pointer outside object bounds"
	 - Location: library/core/src/ptr/non_null.rs:970:33 in function ptr::non_null::NonNull::<i32>::copy_to::{closure#2}

Check 185: ptr::non_null::NonNull::<i32>::copy_to::{closure#2}.pointer_dereference.30
	 - Status: SUCCESS
	 - Description: "dereference failure: invalid integer address"
	 - Location: library/core/src/ptr/non_null.rs:970:33 in function ptr::non_null::NonNull::<i32>::copy_to::{closure#2}

Check 186: ptr::non_null::NonNull::<i32>::copy_to::{closure#2}.pointer_dereference.31
	 - Status: SUCCESS
	 - Description: "dereference failure: pointer NULL"
	 - Location: library/core/src/ptr/non_null.rs:970:33 in function ptr::non_null::NonNull::<i32>::copy_to::{closure#2}

Check 187: ptr::non_null::NonNull::<i32>::copy_to::{closure#2}.pointer_dereference.32
	 - Status: SUCCESS
	 - Description: "dereference failure: pointer invalid"
	 - Location: library/core/src/ptr/non_null.rs:970:33 in function ptr::non_null::NonNull::<i32>::copy_to::{closure#2}

Check 188: ptr::non_null::NonNull::<i32>::copy_to::{closure#2}.pointer_dereference.33
	 - Status: SUCCESS
	 - Description: "dereference failure: deallocated dynamic object"
	 - Location: library/core/src/ptr/non_null.rs:970:33 in function ptr::non_null::NonNull::<i32>::copy_to::{closure#2}

Check 189: ptr::non_null::NonNull::<i32>::copy_to::{closure#2}.pointer_dereference.34
	 - Status: SUCCESS
	 - Description: "dereference failure: dead object"
	 - Location: library/core/src/ptr/non_null.rs:970:33 in function ptr::non_null::NonNull::<i32>::copy_to::{closure#2}

Check 190: ptr::non_null::NonNull::<i32>::copy_to::{closure#2}.pointer_dereference.35
	 - Status: SUCCESS
	 - Description: "dereference failure: pointer outside object bounds"
	 - Location: library/core/src/ptr/non_null.rs:970:33 in function ptr::non_null::NonNull::<i32>::copy_to::{closure#2}

Check 191: ptr::non_null::NonNull::<i32>::copy_to::{closure#2}.pointer_dereference.36
	 - Status: SUCCESS
	 - Description: "dereference failure: invalid integer address"
	 - Location: library/core/src/ptr/non_null.rs:970:33 in function ptr::non_null::NonNull::<i32>::copy_to::{closure#2}

Check 192: ptr::non_null::NonNull::<i32>::copy_to::{closure#2}.pointer_dereference.37
	 - Status: SUCCESS
	 - Description: "dereference failure: pointer NULL"
	 - Location: library/core/src/ptr/non_null.rs:971:33 in function ptr::non_null::NonNull::<i32>::copy_to::{closure#2}

Check 193: ptr::non_null::NonNull::<i32>::copy_to::{closure#2}.pointer_dereference.38
	 - Status: SUCCESS
	 - Description: "dereference failure: pointer invalid"
	 - Location: library/core/src/ptr/non_null.rs:971:33 in function ptr::non_null::NonNull::<i32>::copy_to::{closure#2}

Check 194: ptr::non_null::NonNull::<i32>::copy_to::{closure#2}.pointer_dereference.39
	 - Status: SUCCESS
	 - Description: "dereference failure: deallocated dynamic object"
	 - Location: library/core/src/ptr/non_null.rs:971:33 in function ptr::non_null::NonNull::<i32>::copy_to::{closure#2}

Check 195: ptr::non_null::NonNull::<i32>::copy_to::{closure#2}.pointer_dereference.40
	 - Status: SUCCESS
	 - Description: "dereference failure: dead object"
	 - Location: library/core/src/ptr/non_null.rs:971:33 in function ptr::non_null::NonNull::<i32>::copy_to::{closure#2}

Check 196: ptr::non_null::NonNull::<i32>::copy_to::{closure#2}.pointer_dereference.41
	 - Status: SUCCESS
	 - Description: "dereference failure: pointer outside object bounds"
	 - Location: library/core/src/ptr/non_null.rs:971:33 in function ptr::non_null::NonNull::<i32>::copy_to::{closure#2}

Check 197: ptr::non_null::NonNull::<i32>::copy_to::{closure#2}.pointer_dereference.42
	 - Status: SUCCESS
	 - Description: "dereference failure: invalid integer address"
	 - Location: library/core/src/ptr/non_null.rs:971:33 in function ptr::non_null::NonNull::<i32>::copy_to::{closure#2}

Check 198: ptr::non_null::NonNull::<i32>::copy_to::{closure#2}.pointer_dereference.43
	 - Status: SUCCESS
	 - Description: "dereference failure: pointer NULL"
	 - Location: library/core/src/ptr/non_null.rs:971:33 in function ptr::non_null::NonNull::<i32>::copy_to::{closure#2}

Check 199: ptr::non_null::NonNull::<i32>::copy_to::{closure#2}.pointer_dereference.44
	 - Status: SUCCESS
	 - Description: "dereference failure: pointer invalid"
	 - Location: library/core/src/ptr/non_null.rs:971:33 in function ptr::non_null::NonNull::<i32>::copy_to::{closure#2}

Check 200: ptr::non_null::NonNull::<i32>::copy_to::{closure#2}.pointer_dereference.45
	 - Status: SUCCESS
	 - Description: "dereference failure: deallocated dynamic object"
	 - Location: library/core/src/ptr/non_null.rs:971:33 in function ptr::non_null::NonNull::<i32>::copy_to::{closure#2}

Check 201: ptr::non_null::NonNull::<i32>::copy_to::{closure#2}.pointer_dereference.46
	 - Status: SUCCESS
	 - Description: "dereference failure: dead object"
	 - Location: library/core/src/ptr/non_null.rs:971:33 in function ptr::non_null::NonNull::<i32>::copy_to::{closure#2}

Check 202: ptr::non_null::NonNull::<i32>::copy_to::{closure#2}.pointer_dereference.47
	 - Status: SUCCESS
	 - Description: "dereference failure: pointer outside object bounds"
	 - Location: library/core/src/ptr/non_null.rs:971:33 in function ptr::non_null::NonNull::<i32>::copy_to::{closure#2}

Check 203: ptr::non_null::NonNull::<i32>::copy_to::{closure#2}.pointer_dereference.48
	 - Status: SUCCESS
	 - Description: "dereference failure: invalid integer address"
	 - Location: library/core/src/ptr/non_null.rs:971:33 in function ptr::non_null::NonNull::<i32>::copy_to::{closure#2}

Check 204: ptr::non_null::NonNull::<i32>::copy_to::{closure#2}.pointer_dereference.49
	 - Status: SUCCESS
	 - Description: "dereference failure: pointer NULL"
	 - Location: library/core/src/ptr/non_null.rs:971:51 in function ptr::non_null::NonNull::<i32>::copy_to::{closure#2}

Check 205: ptr::non_null::NonNull::<i32>::copy_to::{closure#2}.pointer_dereference.50
	 - Status: SUCCESS
	 - Description: "dereference failure: pointer invalid"
	 - Location: library/core/src/ptr/non_null.rs:971:51 in function ptr::non_null::NonNull::<i32>::copy_to::{closure#2}

Check 206: ptr::non_null::NonNull::<i32>::copy_to::{closure#2}.pointer_dereference.51
	 - Status: SUCCESS
	 - Description: "dereference failure: deallocated dynamic object"
	 - Location: library/core/src/ptr/non_null.rs:971:51 in function ptr::non_null::NonNull::<i32>::copy_to::{closure#2}

Check 207: ptr::non_null::NonNull::<i32>::copy_to::{closure#2}.pointer_dereference.52
	 - Status: SUCCESS
	 - Description: "dereference failure: dead object"
	 - Location: library/core/src/ptr/non_null.rs:971:51 in function ptr::non_null::NonNull::<i32>::copy_to::{closure#2}

Check 208: ptr::non_null::NonNull::<i32>::copy_to::{closure#2}.pointer_dereference.53
	 - Status: SUCCESS
	 - Description: "dereference failure: pointer outside object bounds"
	 - Location: library/core/src/ptr/non_null.rs:971:51 in function ptr::non_null::NonNull::<i32>::copy_to::{closure#2}

Check 209: ptr::non_null::NonNull::<i32>::copy_to::{closure#2}.pointer_dereference.54
	 - Status: SUCCESS
	 - Description: "dereference failure: invalid integer address"
	 - Location: library/core/src/ptr/non_null.rs:971:51 in function ptr::non_null::NonNull::<i32>::copy_to::{closure#2}

Check 210: ptr::non_null::NonNull::<i32>::copy_to::{closure#2}.pointer_dereference.55
	 - Status: SUCCESS
	 - Description: "dereference failure: pointer NULL"
	 - Location: library/core/src/ptr/non_null.rs:971:51 in function ptr::non_null::NonNull::<i32>::copy_to::{closure#2}

Check 211: ptr::non_null::NonNull::<i32>::copy_to::{closure#2}.pointer_dereference.56
	 - Status: SUCCESS
	 - Description: "dereference failure: pointer invalid"
	 - Location: library/core/src/ptr/non_null.rs:971:51 in function ptr::non_null::NonNull::<i32>::copy_to::{closure#2}

Check 212: ptr::non_null::NonNull::<i32>::copy_to::{closure#2}.pointer_dereference.57
	 - Status: SUCCESS
	 - Description: "dereference failure: deallocated dynamic object"
	 - Location: library/core/src/ptr/non_null.rs:971:51 in function ptr::non_null::NonNull::<i32>::copy_to::{closure#2}

Check 213: ptr::non_null::NonNull::<i32>::copy_to::{closure#2}.pointer_dereference.58
	 - Status: SUCCESS
	 - Description: "dereference failure: dead object"
	 - Location: library/core/src/ptr/non_null.rs:971:51 in function ptr::non_null::NonNull::<i32>::copy_to::{closure#2}

Check 214: ptr::non_null::NonNull::<i32>::copy_to::{closure#2}.pointer_dereference.59
	 - Status: SUCCESS
	 - Description: "dereference failure: pointer outside object bounds"
	 - Location: library/core/src/ptr/non_null.rs:971:51 in function ptr::non_null::NonNull::<i32>::copy_to::{closure#2}

Check 215: ptr::non_null::NonNull::<i32>::copy_to::{closure#2}.pointer_dereference.60
	 - Status: SUCCESS
	 - Description: "dereference failure: invalid integer address"
	 - Location: library/core/src/ptr/non_null.rs:971:51 in function ptr::non_null::NonNull::<i32>::copy_to::{closure#2}

Check 216: ptr::non_null::NonNull::<i32>::copy_to::{closure#2}.pointer_dereference.61
	 - Status: SUCCESS
	 - Description: "dereference failure: pointer NULL"
	 - Location: library/core/src/ptr/non_null.rs:974:22 in function ptr::non_null::NonNull::<i32>::copy_to::{closure#2}

Check 217: ptr::non_null::NonNull::<i32>::copy_to::{closure#2}.pointer_dereference.62
	 - Status: SUCCESS
	 - Description: "dereference failure: pointer invalid"
	 - Location: library/core/src/ptr/non_null.rs:974:22 in function ptr::non_null::NonNull::<i32>::copy_to::{closure#2}

Check 218: ptr::non_null::NonNull::<i32>::copy_to::{closure#2}.pointer_dereference.63
	 - Status: SUCCESS
	 - Description: "dereference failure: deallocated dynamic object"
	 - Location: library/core/src/ptr/non_null.rs:974:22 in function ptr::non_null::NonNull::<i32>::copy_to::{closure#2}

Check 219: ptr::non_null::NonNull::<i32>::copy_to::{closure#2}.pointer_dereference.64
	 - Status: SUCCESS
	 - Description: "dereference failure: dead object"
	 - Location: library/core/src/ptr/non_null.rs:974:22 in function ptr::non_null::NonNull::<i32>::copy_to::{closure#2}

Check 220: ptr::non_null::NonNull::<i32>::copy_to::{closure#2}.pointer_dereference.65
	 - Status: SUCCESS
	 - Description: "dereference failure: pointer outside object bounds"
	 - Location: library/core/src/ptr/non_null.rs:974:22 in function ptr::non_null::NonNull::<i32>::copy_to::{closure#2}

Check 221: ptr::non_null::NonNull::<i32>::copy_to::{closure#2}.pointer_dereference.66
	 - Status: SUCCESS
	 - Description: "dereference failure: invalid integer address"
	 - Location: library/core/src/ptr/non_null.rs:974:22 in function ptr::non_null::NonNull::<i32>::copy_to::{closure#2}

Check 222: ptr::non_null::NonNull::<i32>::copy_to::{closure#2}.pointer_dereference.67
	 - Status: SUCCESS
	 - Description: "dereference failure: pointer NULL"
	 - Location: library/core/src/ptr/non_null.rs:974:22 in function ptr::non_null::NonNull::<i32>::copy_to::{closure#2}

Check 223: ptr::non_null::NonNull::<i32>::copy_to::{closure#2}.pointer_dereference.68
	 - Status: SUCCESS
	 - Description: "dereference failure: pointer invalid"
	 - Location: library/core/src/ptr/non_null.rs:974:22 in function ptr::non_null::NonNull::<i32>::copy_to::{closure#2}

Check 224: ptr::non_null::NonNull::<i32>::copy_to::{closure#2}.pointer_dereference.69
	 - Status: SUCCESS
	 - Description: "dereference failure: deallocated dynamic object"
	 - Location: library/core/src/ptr/non_null.rs:974:22 in function ptr::non_null::NonNull::<i32>::copy_to::{closure#2}

Check 225: ptr::non_null::NonNull::<i32>::copy_to::{closure#2}.pointer_dereference.70
	 - Status: SUCCESS
	 - Description: "dereference failure: dead object"
	 - Location: library/core/src/ptr/non_null.rs:974:22 in function ptr::non_null::NonNull::<i32>::copy_to::{closure#2}

Check 226: ptr::non_null::NonNull::<i32>::copy_to::{closure#2}.pointer_dereference.71
	 - Status: SUCCESS
	 - Description: "dereference failure: pointer outside object bounds"
	 - Location: library/core/src/ptr/non_null.rs:974:22 in function ptr::non_null::NonNull::<i32>::copy_to::{closure#2}

Check 227: ptr::non_null::NonNull::<i32>::copy_to::{closure#2}.pointer_dereference.72
	 - Status: SUCCESS
	 - Description: "dereference failure: invalid integer address"
	 - Location: library/core/src/ptr/non_null.rs:974:22 in function ptr::non_null::NonNull::<i32>::copy_to::{closure#2}

Check 228: ptr::non_null::NonNull::<i32>::copy_to::{closure#2}.pointer_dereference.73
	 - Status: SUCCESS
	 - Description: "dereference failure: pointer NULL"
	 - Location: library/core/src/ptr/non_null.rs:974:5 in function ptr::non_null::NonNull::<i32>::copy_to::{closure#2}

Check 229: ptr::non_null::NonNull::<i32>::copy_to::{closure#2}.pointer_dereference.74
	 - Status: SUCCESS
	 - Description: "dereference failure: pointer invalid"
	 - Location: library/core/src/ptr/non_null.rs:974:5 in function ptr::non_null::NonNull::<i32>::copy_to::{closure#2}

Check 230: ptr::non_null::NonNull::<i32>::copy_to::{closure#2}.pointer_dereference.75
	 - Status: SUCCESS
	 - Description: "dereference failure: deallocated dynamic object"
	 - Location: library/core/src/ptr/non_null.rs:974:5 in function ptr::non_null::NonNull::<i32>::copy_to::{closure#2}

Check 231: ptr::non_null::NonNull::<i32>::copy_to::{closure#2}.pointer_dereference.76
	 - Status: SUCCESS
	 - Description: "dereference failure: dead object"
	 - Location: library/core/src/ptr/non_null.rs:974:5 in function ptr::non_null::NonNull::<i32>::copy_to::{closure#2}

Check 232: ptr::non_null::NonNull::<i32>::copy_to::{closure#2}.pointer_dereference.77
	 - Status: SUCCESS
	 - Description: "dereference failure: pointer outside object bounds"
	 - Location: library/core/src/ptr/non_null.rs:974:5 in function ptr::non_null::NonNull::<i32>::copy_to::{closure#2}

Check 233: ptr::non_null::NonNull::<i32>::copy_to::{closure#2}.pointer_dereference.78
	 - Status: SUCCESS
	 - Description: "dereference failure: invalid integer address"
	 - Location: library/core/src/ptr/non_null.rs:974:5 in function ptr::non_null::NonNull::<i32>::copy_to::{closure#2}

Check 234: ptr::non_null::NonNull::<i32>::copy_to::{closure#2}.pointer_dereference.79
	 - Status: SUCCESS
	 - Description: "dereference failure: pointer NULL"
	 - Location: library/core/src/ptr/non_null.rs:974:5 in function ptr::non_null::NonNull::<i32>::copy_to::{closure#2}

Check 235: ptr::non_null::NonNull::<i32>::copy_to::{closure#2}.pointer_dereference.80
	 - Status: SUCCESS
	 - Description: "dereference failure: pointer invalid"
	 - Location: library/core/src/ptr/non_null.rs:974:5 in function ptr::non_null::NonNull::<i32>::copy_to::{closure#2}

Check 236: ptr::non_null::NonNull::<i32>::copy_to::{closure#2}.pointer_dereference.81
	 - Status: SUCCESS
	 - Description: "dereference failure: deallocated dynamic object"
	 - Location: library/core/src/ptr/non_null.rs:974:5 in function ptr::non_null::NonNull::<i32>::copy_to::{closure#2}

Check 237: ptr::non_null::NonNull::<i32>::copy_to::{closure#2}.pointer_dereference.82
	 - Status: SUCCESS
	 - Description: "dereference failure: dead object"
	 - Location: library/core/src/ptr/non_null.rs:974:5 in function ptr::non_null::NonNull::<i32>::copy_to::{closure#2}

Check 238: ptr::non_null::NonNull::<i32>::copy_to::{closure#2}.pointer_dereference.83
	 - Status: SUCCESS
	 - Description: "dereference failure: pointer outside object bounds"
	 - Location: library/core/src/ptr/non_null.rs:974:5 in function ptr::non_null::NonNull::<i32>::copy_to::{closure#2}

Check 239: ptr::non_null::NonNull::<i32>::copy_to::{closure#2}.pointer_dereference.84
	 - Status: SUCCESS
	 - Description: "dereference failure: invalid integer address"
	 - Location: library/core/src/ptr/non_null.rs:974:5 in function ptr::non_null::NonNull::<i32>::copy_to::{closure#2}

Check 240: ptr::non_null::NonNull::<i32>::copy_to::{closure#2}.pointer_dereference.85
	 - Status: SUCCESS
	 - Description: "dereference failure: pointer NULL"
	 - Location: library/core/src/ptr/non_null.rs:974:5 in function ptr::non_null::NonNull::<i32>::copy_to::{closure#2}

Check 241: ptr::non_null::NonNull::<i32>::copy_to::{closure#2}.pointer_dereference.86
	 - Status: SUCCESS
	 - Description: "dereference failure: pointer invalid"
	 - Location: library/core/src/ptr/non_null.rs:974:5 in function ptr::non_null::NonNull::<i32>::copy_to::{closure#2}

Check 242: ptr::non_null::NonNull::<i32>::copy_to::{closure#2}.pointer_dereference.87
	 - Status: SUCCESS
	 - Description: "dereference failure: deallocated dynamic object"
	 - Location: library/core/src/ptr/non_null.rs:974:5 in function ptr::non_null::NonNull::<i32>::copy_to::{closure#2}

Check 243: ptr::non_null::NonNull::<i32>::copy_to::{closure#2}.pointer_dereference.88
	 - Status: SUCCESS
	 - Description: "dereference failure: dead object"
	 - Location: library/core/src/ptr/non_null.rs:974:5 in function ptr::non_null::NonNull::<i32>::copy_to::{closure#2}

Check 244: ptr::non_null::NonNull::<i32>::copy_to::{closure#2}.pointer_dereference.89
	 - Status: SUCCESS
	 - Description: "dereference failure: pointer outside object bounds"
	 - Location: library/core/src/ptr/non_null.rs:974:5 in function ptr::non_null::NonNull::<i32>::copy_to::{closure#2}

Check 245: ptr::non_null::NonNull::<i32>::copy_to::{closure#2}.pointer_dereference.90
	 - Status: SUCCESS
	 - Description: "dereference failure: invalid integer address"
	 - Location: library/core/src/ptr/non_null.rs:974:5 in function ptr::non_null::NonNull::<i32>::copy_to::{closure#2}

Check 246: ptr::non_null::NonNull::<i32>::copy_to::{closure#2}.pointer_dereference.91
	 - Status: SUCCESS
	 - Description: "dereference failure: pointer NULL"
	 - Location: library/core/src/ptr/non_null.rs:972:15 in function ptr::non_null::NonNull::<i32>::copy_to::{closure#2}

Check 247: ptr::non_null::NonNull::<i32>::copy_to::{closure#2}.pointer_dereference.92
	 - Status: SUCCESS
	 - Description: "dereference failure: pointer invalid"
	 - Location: library/core/src/ptr/non_null.rs:972:15 in function ptr::non_null::NonNull::<i32>::copy_to::{closure#2}

Check 248: ptr::non_null::NonNull::<i32>::copy_to::{closure#2}.pointer_dereference.93
	 - Status: SUCCESS
	 - Description: "dereference failure: deallocated dynamic object"
	 - Location: library/core/src/ptr/non_null.rs:972:15 in function ptr::non_null::NonNull::<i32>::copy_to::{closure#2}

Check 249: ptr::non_null::NonNull::<i32>::copy_to::{closure#2}.pointer_dereference.94
	 - Status: SUCCESS
	 - Description: "dereference failure: dead object"
	 - Location: library/core/src/ptr/non_null.rs:972:15 in function ptr::non_null::NonNull::<i32>::copy_to::{closure#2}

Check 250: ptr::non_null::NonNull::<i32>::copy_to::{closure#2}.pointer_dereference.95
	 - Status: SUCCESS
	 - Description: "dereference failure: pointer outside object bounds"
	 - Location: library/core/src/ptr/non_null.rs:972:15 in function ptr::non_null::NonNull::<i32>::copy_to::{closure#2}

Check 251: ptr::non_null::NonNull::<i32>::copy_to::{closure#2}.pointer_dereference.96
	 - Status: SUCCESS
	 - Description: "dereference failure: invalid integer address"
	 - Location: library/core/src/ptr/non_null.rs:972:15 in function ptr::non_null::NonNull::<i32>::copy_to::{closure#2}

Check 252: ptr::non_null::NonNull::<i32>::copy_to::{closure#2}.pointer_dereference.97
	 - Status: SUCCESS
	 - Description: "dereference failure: pointer NULL"
	 - Location: library/core/src/ptr/non_null.rs:972:15 in function ptr::non_null::NonNull::<i32>::copy_to::{closure#2}

Check 253: ptr::non_null::NonNull::<i32>::copy_to::{closure#2}.pointer_dereference.98
	 - Status: SUCCESS
	 - Description: "dereference failure: pointer invalid"
	 - Location: library/core/src/ptr/non_null.rs:972:15 in function ptr::non_null::NonNull::<i32>::copy_to::{closure#2}

Check 254: ptr::non_null::NonNull::<i32>::copy_to::{closure#2}.pointer_dereference.99
	 - Status: SUCCESS
	 - Description: "dereference failure: deallocated dynamic object"
	 - Location: library/core/src/ptr/non_null.rs:972:15 in function ptr::non_null::NonNull::<i32>::copy_to::{closure#2}

Check 255: ptr::non_null::NonNull::<i32>::copy_to::{closure#2}.pointer_dereference.100
	 - Status: SUCCESS
	 - Description: "dereference failure: dead object"
	 - Location: library/core/src/ptr/non_null.rs:972:15 in function ptr::non_null::NonNull::<i32>::copy_to::{closure#2}

Check 256: ptr::non_null::NonNull::<i32>::copy_to::{closure#2}.pointer_dereference.101
	 - Status: SUCCESS
	 - Description: "dereference failure: pointer outside object bounds"
	 - Location: library/core/src/ptr/non_null.rs:972:15 in function ptr::non_null::NonNull::<i32>::copy_to::{closure#2}

Check 257: ptr::non_null::NonNull::<i32>::copy_to::{closure#2}.pointer_dereference.102
	 - Status: SUCCESS
	 - Description: "dereference failure: invalid integer address"
	 - Location: library/core/src/ptr/non_null.rs:972:15 in function ptr::non_null::NonNull::<i32>::copy_to::{closure#2}

Check 258: ptr::non_null::NonNull::<i32>::copy_to::{closure#2}::{closure#2}.pointer_dereference.1
	 - Status: SUCCESS
	 - Description: "dereference failure: pointer NULL"
	 - Location: library/core/src/ptr/non_null.rs:980:28 in function ptr::non_null::NonNull::<i32>::copy_to::{closure#2}::{closure#2}

Check 259: ptr::non_null::NonNull::<i32>::copy_to::{closure#2}::{closure#2}.pointer_dereference.2
	 - Status: SUCCESS
	 - Description: "dereference failure: pointer invalid"
	 - Location: library/core/src/ptr/non_null.rs:980:28 in function ptr::non_null::NonNull::<i32>::copy_to::{closure#2}::{closure#2}

Check 260: ptr::non_null::NonNull::<i32>::copy_to::{closure#2}::{closure#2}.pointer_dereference.3
	 - Status: SUCCESS
	 - Description: "dereference failure: deallocated dynamic object"
	 - Location: library/core/src/ptr/non_null.rs:980:28 in function ptr::non_null::NonNull::<i32>::copy_to::{closure#2}::{closure#2}

Check 261: ptr::non_null::NonNull::<i32>::copy_to::{closure#2}::{closure#2}.pointer_dereference.4
	 - Status: SUCCESS
	 - Description: "dereference failure: dead object"
	 - Location: library/core/src/ptr/non_null.rs:980:28 in function ptr::non_null::NonNull::<i32>::copy_to::{closure#2}::{closure#2}

Check 262: ptr::non_null::NonNull::<i32>::copy_to::{closure#2}::{closure#2}.pointer_dereference.5
	 - Status: SUCCESS
	 - Description: "dereference failure: pointer outside object bounds"
	 - Location: library/core/src/ptr/non_null.rs:980:28 in function ptr::non_null::NonNull::<i32>::copy_to::{closure#2}::{closure#2}

Check 263: ptr::non_null::NonNull::<i32>::copy_to::{closure#2}::{closure#2}.pointer_dereference.6
	 - Status: SUCCESS
	 - Description: "dereference failure: invalid integer address"
	 - Location: library/core/src/ptr/non_null.rs:980:28 in function ptr::non_null::NonNull::<i32>::copy_to::{closure#2}::{closure#2}

Check 264: ptr::non_null::NonNull::<i32>::copy_to::{closure#2}::{closure#2}.pointer_dereference.7
	 - Status: SUCCESS
	 - Description: "dereference failure: pointer NULL"
	 - Location: library/core/src/ptr/non_null.rs:980:28 in function ptr::non_null::NonNull::<i32>::copy_to::{closure#2}::{closure#2}

Check 265: ptr::non_null::NonNull::<i32>::copy_to::{closure#2}::{closure#2}.pointer_dereference.8
	 - Status: SUCCESS
	 - Description: "dereference failure: pointer invalid"
	 - Location: library/core/src/ptr/non_null.rs:980:28 in function ptr::non_null::NonNull::<i32>::copy_to::{closure#2}::{closure#2}

Check 266: ptr::non_null::NonNull::<i32>::copy_to::{closure#2}::{closure#2}.pointer_dereference.9
	 - Status: SUCCESS
	 - Description: "dereference failure: deallocated dynamic object"
	 - Location: library/core/src/ptr/non_null.rs:980:28 in function ptr::non_null::NonNull::<i32>::copy_to::{closure#2}::{closure#2}

Check 267: ptr::non_null::NonNull::<i32>::copy_to::{closure#2}::{closure#2}.pointer_dereference.10
	 - Status: SUCCESS
	 - Description: "dereference failure: dead object"
	 - Location: library/core/src/ptr/non_null.rs:980:28 in function ptr::non_null::NonNull::<i32>::copy_to::{closure#2}::{closure#2}

Check 268: ptr::non_null::NonNull::<i32>::copy_to::{closure#2}::{closure#2}.pointer_dereference.11
	 - Status: SUCCESS
	 - Description: "dereference failure: pointer outside object bounds"
	 - Location: library/core/src/ptr/non_null.rs:980:28 in function ptr::non_null::NonNull::<i32>::copy_to::{closure#2}::{closure#2}

Check 269: ptr::non_null::NonNull::<i32>::copy_to::{closure#2}::{closure#2}.pointer_dereference.12
	 - Status: SUCCESS
	 - Description: "dereference failure: invalid integer address"
	 - Location: library/core/src/ptr/non_null.rs:980:28 in function ptr::non_null::NonNull::<i32>::copy_to::{closure#2}::{closure#2}

Check 270: ptr::non_null::NonNull::<i32>::copy_to::{closure#2}::{closure#2}.pointer_dereference.13
	 - Status: SUCCESS
	 - Description: "dereference failure: pointer NULL"
	 - Location: library/core/src/ptr/non_null.rs:980:42 in function ptr::non_null::NonNull::<i32>::copy_to::{closure#2}::{closure#2}

Check 271: ptr::non_null::NonNull::<i32>::copy_to::{closure#2}::{closure#2}.pointer_dereference.14
	 - Status: SUCCESS
	 - Description: "dereference failure: pointer invalid"
	 - Location: library/core/src/ptr/non_null.rs:980:42 in function ptr::non_null::NonNull::<i32>::copy_to::{closure#2}::{closure#2}

Check 272: ptr::non_null::NonNull::<i32>::copy_to::{closure#2}::{closure#2}.pointer_dereference.15
	 - Status: SUCCESS
	 - Description: "dereference failure: deallocated dynamic object"
	 - Location: library/core/src/ptr/non_null.rs:980:42 in function ptr::non_null::NonNull::<i32>::copy_to::{closure#2}::{closure#2}

Check 273: ptr::non_null::NonNull::<i32>::copy_to::{closure#2}::{closure#2}.pointer_dereference.16
	 - Status: SUCCESS
	 - Description: "dereference failure: dead object"
	 - Location: library/core/src/ptr/non_null.rs:980:42 in function ptr::non_null::NonNull::<i32>::copy_to::{closure#2}::{closure#2}

Check 274: ptr::non_null::NonNull::<i32>::copy_to::{closure#2}::{closure#2}.pointer_dereference.17
	 - Status: SUCCESS
	 - Description: "dereference failure: pointer outside object bounds"
	 - Location: library/core/src/ptr/non_null.rs:980:42 in function ptr::non_null::NonNull::<i32>::copy_to::{closure#2}::{closure#2}

Check 275: ptr::non_null::NonNull::<i32>::copy_to::{closure#2}::{closure#2}.pointer_dereference.18
	 - Status: SUCCESS
	 - Description: "dereference failure: invalid integer address"
	 - Location: library/core/src/ptr/non_null.rs:980:42 in function ptr::non_null::NonNull::<i32>::copy_to::{closure#2}::{closure#2}

Check 276: ptr::non_null::NonNull::<i32>::copy_to::{closure#2}::{closure#2}.pointer_dereference.19
	 - Status: SUCCESS
	 - Description: "dereference failure: pointer NULL"
	 - Location: library/core/src/ptr/non_null.rs:980:42 in function ptr::non_null::NonNull::<i32>::copy_to::{closure#2}::{closure#2}

Check 277: ptr::non_null::NonNull::<i32>::copy_to::{closure#2}::{closure#2}.pointer_dereference.20
	 - Status: SUCCESS
	 - Description: "dereference failure: pointer invalid"
	 - Location: library/core/src/ptr/non_null.rs:980:42 in function ptr::non_null::NonNull::<i32>::copy_to::{closure#2}::{closure#2}

Check 278: ptr::non_null::NonNull::<i32>::copy_to::{closure#2}::{closure#2}.pointer_dereference.21
	 - Status: SUCCESS
	 - Description: "dereference failure: deallocated dynamic object"
	 - Location: library/core/src/ptr/non_null.rs:980:42 in function ptr::non_null::NonNull::<i32>::copy_to::{closure#2}::{closure#2}

Check 279: ptr::non_null::NonNull::<i32>::copy_to::{closure#2}::{closure#2}.pointer_dereference.22
	 - Status: SUCCESS
	 - Description: "dereference failure: dead object"
	 - Location: library/core/src/ptr/non_null.rs:980:42 in function ptr::non_null::NonNull::<i32>::copy_to::{closure#2}::{closure#2}

Check 280: ptr::non_null::NonNull::<i32>::copy_to::{closure#2}::{closure#2}.pointer_dereference.23
	 - Status: SUCCESS
	 - Description: "dereference failure: pointer outside object bounds"
	 - Location: library/core/src/ptr/non_null.rs:980:42 in function ptr::non_null::NonNull::<i32>::copy_to::{closure#2}::{closure#2}

Check 281: ptr::non_null::NonNull::<i32>::copy_to::{closure#2}::{closure#2}.pointer_dereference.24
	 - Status: SUCCESS
	 - Description: "dereference failure: invalid integer address"
	 - Location: library/core/src/ptr/non_null.rs:980:42 in function ptr::non_null::NonNull::<i32>::copy_to::{closure#2}::{closure#2}

Check 282: ptr::non_null::NonNull::<i32>::copy_to::{closure#2}::{closure#2}.pointer_dereference.25
	 - Status: SUCCESS
	 - Description: "dereference failure: pointer NULL"
	 - Location: library/core/src/ptr/non_null.rs:980:57 in function ptr::non_null::NonNull::<i32>::copy_to::{closure#2}::{closure#2}

Check 283: ptr::non_null::NonNull::<i32>::copy_to::{closure#2}::{closure#2}.pointer_dereference.26
	 - Status: SUCCESS
	 - Description: "dereference failure: pointer invalid"
	 - Location: library/core/src/ptr/non_null.rs:980:57 in function ptr::non_null::NonNull::<i32>::copy_to::{closure#2}::{closure#2}

Check 284: ptr::non_null::NonNull::<i32>::copy_to::{closure#2}::{closure#2}.pointer_dereference.27
	 - Status: SUCCESS
	 - Description: "dereference failure: deallocated dynamic object"
	 - Location: library/core/src/ptr/non_null.rs:980:57 in function ptr::non_null::NonNull::<i32>::copy_to::{closure#2}::{closure#2}

Check 285: ptr::non_null::NonNull::<i32>::copy_to::{closure#2}::{closure#2}.pointer_dereference.28
	 - Status: SUCCESS
	 - Description: "dereference failure: dead object"
	 - Location: library/core/src/ptr/non_null.rs:980:57 in function ptr::non_null::NonNull::<i32>::copy_to::{closure#2}::{closure#2}

Check 286: ptr::non_null::NonNull::<i32>::copy_to::{closure#2}::{closure#2}.pointer_dereference.29
	 - Status: SUCCESS
	 - Description: "dereference failure: pointer outside object bounds"
	 - Location: library/core/src/ptr/non_null.rs:980:57 in function ptr::non_null::NonNull::<i32>::copy_to::{closure#2}::{closure#2}

Check 287: ptr::non_null::NonNull::<i32>::copy_to::{closure#2}::{closure#2}.pointer_dereference.30
	 - Status: SUCCESS
	 - Description: "dereference failure: invalid integer address"
	 - Location: library/core/src/ptr/non_null.rs:980:57 in function ptr::non_null::NonNull::<i32>::copy_to::{closure#2}::{closure#2}

Check 288: ptr::non_null::NonNull::<i32>::copy_to::{closure#2}::{closure#2}.pointer_dereference.31
	 - Status: SUCCESS
	 - Description: "dereference failure: pointer NULL"
	 - Location: library/core/src/ptr/non_null.rs:980:57 in function ptr::non_null::NonNull::<i32>::copy_to::{closure#2}::{closure#2}

Check 289: ptr::non_null::NonNull::<i32>::copy_to::{closure#2}::{closure#2}.pointer_dereference.32
	 - Status: SUCCESS
	 - Description: "dereference failure: pointer invalid"
	 - Location: library/core/src/ptr/non_null.rs:980:57 in function ptr::non_null::NonNull::<i32>::copy_to::{closure#2}::{closure#2}

Check 290: ptr::non_null::NonNull::<i32>::copy_to::{closure#2}::{closure#2}.pointer_dereference.33
	 - Status: SUCCESS
	 - Description: "dereference failure: deallocated dynamic object"
	 - Location: library/core/src/ptr/non_null.rs:980:57 in function ptr::non_null::NonNull::<i32>::copy_to::{closure#2}::{closure#2}

Check 291: ptr::non_null::NonNull::<i32>::copy_to::{closure#2}::{closure#2}.pointer_dereference.34
	 - Status: SUCCESS
	 - Description: "dereference failure: dead object"
	 - Location: library/core/src/ptr/non_null.rs:980:57 in function ptr::non_null::NonNull::<i32>::copy_to::{closure#2}::{closure#2}

Check 292: ptr::non_null::NonNull::<i32>::copy_to::{closure#2}::{closure#2}.pointer_dereference.35
	 - Status: SUCCESS
	 - Description: "dereference failure: pointer outside object bounds"
	 - Location: library/core/src/ptr/non_null.rs:980:57 in function ptr::non_null::NonNull::<i32>::copy_to::{closure#2}::{closure#2}

Check 293: ptr::non_null::NonNull::<i32>::copy_to::{closure#2}::{closure#2}.pointer_dereference.36
	 - Status: SUCCESS
	 - Description: "dereference failure: invalid integer address"
	 - Location: library/core/src/ptr/non_null.rs:980:57 in function ptr::non_null::NonNull::<i32>::copy_to::{closure#2}::{closure#2}

Check 294: fmt::Arguments::<'_>::new_const::<1>.pointer_dereference.1
	 - Status: SUCCESS
	 - Description: "dereference failure: dead object"
	 - Location: library/core/src/fmt/mod.rs:342:34 in function fmt::Arguments::<'_>::new_const::<1>

Check 295: <() as kani::mem::PtrProperties<i32>>::is_ptr_aligned.division-by-zero.1
	 - Status: SUCCESS
	 - Description: "division by zero"
	 - Location: ../../kani/library/kani_core/src/mem.rs:220:17 in function <() as kani::mem::PtrProperties<i32>>::is_ptr_aligned

Check 296: intrinsics::copy::<i32>.precondition_instance.1
	 - Status: FAILURE
	 - Description: "memmove source region readable"
	 - Location: library/core/src/intrinsics.rs:3414:9 in function intrinsics::copy::<i32>

Check 297: intrinsics::copy::<i32>.precondition_instance.2
	 - Status: FAILURE
	 - Description: "memmove destination region writeable"
	 - Location: library/core/src/intrinsics.rs:3414:9 in function intrinsics::copy::<i32>

Check 298: kani::arbitrary_ptr::PointerGenerator::<16>::create_in_bounds_ptr::<i32>::{closure#0}.pointer_dereference.1
	 - Status: SUCCESS
	 - Description: "dereference failure: pointer NULL"
	 - Location: ../../kani/library/kani_core/src/arbitrary/pointer.rs:334:58 in function kani::arbitrary_ptr::PointerGenerator::<16>::create_in_bounds_ptr::<i32>::{closure#0}

Check 299: kani::arbitrary_ptr::PointerGenerator::<16>::create_in_bounds_ptr::<i32>::{closure#0}.pointer_dereference.2
	 - Status: SUCCESS
	 - Description: "dereference failure: pointer invalid"
	 - Location: ../../kani/library/kani_core/src/arbitrary/pointer.rs:334:58 in function kani::arbitrary_ptr::PointerGenerator::<16>::create_in_bounds_ptr::<i32>::{closure#0}

Check 300: kani::arbitrary_ptr::PointerGenerator::<16>::create_in_bounds_ptr::<i32>::{closure#0}.pointer_dereference.3
	 - Status: SUCCESS
	 - Description: "dereference failure: deallocated dynamic object"
	 - Location: ../../kani/library/kani_core/src/arbitrary/pointer.rs:334:58 in function kani::arbitrary_ptr::PointerGenerator::<16>::create_in_bounds_ptr::<i32>::{closure#0}

Check 301: kani::arbitrary_ptr::PointerGenerator::<16>::create_in_bounds_ptr::<i32>::{closure#0}.pointer_dereference.4
	 - Status: SUCCESS
	 - Description: "dereference failure: dead object"
	 - Location: ../../kani/library/kani_core/src/arbitrary/pointer.rs:334:58 in function kani::arbitrary_ptr::PointerGenerator::<16>::create_in_bounds_ptr::<i32>::{closure#0}

Check 302: kani::arbitrary_ptr::PointerGenerator::<16>::create_in_bounds_ptr::<i32>::{closure#0}.pointer_dereference.5
	 - Status: SUCCESS
	 - Description: "dereference failure: pointer outside object bounds"
	 - Location: ../../kani/library/kani_core/src/arbitrary/pointer.rs:334:58 in function kani::arbitrary_ptr::PointerGenerator::<16>::create_in_bounds_ptr::<i32>::{closure#0}

Check 303: kani::arbitrary_ptr::PointerGenerator::<16>::create_in_bounds_ptr::<i32>::{closure#0}.pointer_dereference.6
	 - Status: SUCCESS
	 - Description: "dereference failure: invalid integer address"
	 - Location: ../../kani/library/kani_core/src/arbitrary/pointer.rs:334:58 in function kani::arbitrary_ptr::PointerGenerator::<16>::create_in_bounds_ptr::<i32>::{closure#0}

Check 304: <() as kani::mem::PtrProperties<u8>>::is_ptr_aligned.division-by-zero.1
	 - Status: SUCCESS
	 - Description: "division by zero"
	 - Location: ../../kani/library/kani_core/src/mem.rs:220:17 in function <() as kani::mem::PtrProperties<u8>>::is_ptr_aligned

Check 305: option::Option::<ptr::non_null::NonNull<i32>>::unwrap.pointer_dereference.1
	 - Status: SUCCESS
	 - Description: "dereference failure: dead object"
	 - Location: library/core/src/option.rs:969:15 in function option::Option::<ptr::non_null::NonNull<i32>>::unwrap

Check 306: memcpy.pointer.1
	 - Status: SUCCESS
	 - Description: "same object violation"
	 - Location: <builtin-library-memcpy>:33 in function memcpy

Check 307: memcpy.pointer.2
	 - Status: SUCCESS
	 - Description: "same object violation"
	 - Location: <builtin-library-memcpy>:34 in function memcpy

Check 308: intrinsics::copy_nonoverlapping::<u8>.precondition_instance.1
	 - Status: SUCCESS
	 - Description: "memcpy src/dst overlap"
	 - Location: library/core/src/intrinsics.rs:3308:14 in function intrinsics::copy_nonoverlapping::<u8>

Check 309: intrinsics::copy_nonoverlapping::<u8>.precondition_instance.2
	 - Status: SUCCESS
	 - Description: "memcpy source region readable"
	 - Location: library/core/src/intrinsics.rs:3308:14 in function intrinsics::copy_nonoverlapping::<u8>

Check 310: intrinsics::copy_nonoverlapping::<u8>.precondition_instance.3
	 - Status: SUCCESS
	 - Description: "memcpy destination region writeable"
	 - Location: library/core/src/intrinsics.rs:3308:14 in function intrinsics::copy_nonoverlapping::<u8>

Check 311: ptr::non_null::NonNull::<i32>::new.pointer_dereference.1
	 - Status: SUCCESS
	 - Description: "dereference failure: dead object"
	 - Location: library/core/src/ptr/non_null.rs:236:13 in function ptr::non_null::NonNull::<i32>::new


SUMMARY:
 ** 5 of 311 failed (4 unreachable)
Failed Checks: Check that array_replace((const void *)(char *)dest, ...) is allowed by the assigns clause
 File: "<builtin-library-memmove>", line 34, in memmove
Failed Checks: Kani does not support reasoning about pointer to unallocated memory
 File: "/Users/dhvanikapadia/Downloads/verify-rust-std/library/core/src/lib.rs", line 421, in kani::mem::is_inbounds::<(), i32>
Failed Checks: attempt to compute offset which would overflow
 File: "/Users/dhvanikapadia/Downloads/verify-rust-std/library/core/src/ptr/mut_ptr.rs", line 1037, in ptr::mut_ptr::<impl *mut i32>::add
Failed Checks: memmove source region readable
 File: "/Users/dhvanikapadia/Downloads/verify-rust-std/library/core/src/intrinsics.rs", line 3414, in intrinsics::copy::<i32>
Failed Checks: memmove destination region writeable
 File: "/Users/dhvanikapadia/Downloads/verify-rust-std/library/core/src/intrinsics.rs", line 3414, in intrinsics::copy::<i32>

VERIFICATION:- FAILED
Verification Time: 16.64629s

Summary:
Verification failed for - ptr::non_null::verify::non_null_check_copy_to
Complete - 0 successfully verified harnesses, 1 failures, 1 total.
